{
  "RSpec": {
    "coverage": {
      "/ruby_rabbitmq_janus/lib/ruby_rabbitmq_janus.rb": [
        null,
        null,
        null,
        1,
        1,
        1,
        1,
        1,
        null,
        null,
        1,
        null,
        null,
        1,
        null,
        null,
        1,
        null,
        null,
        1,
        null,
        null,
        1,
        null,
        1
      ],
      "/ruby_rabbitmq_janus/lib/rrj/init.rb": [
        null,
        null,
        1,
        1,
        1,
        1,
        1,
        1,
        1,
        1,
        1,
        1,
        null,
        1,
        1,
        null,
        null,
        null,
        null,
        null,
        1,
        null,
        null,
        null,
        null,
        null,
        null,
        null,
        null,
        null,
        null,
        null,
        null,
        null,
        null,
        null,
        1,
        1,
        null,
        null,
        null,
        null,
        null,
        null,
        1,
        187,
        null,
        null,
        null,
        null,
        null,
        null,
        null,
        null,
        null,
        null,
        null,
        null,
        null,
        null,
        null,
        null,
        null,
        null,
        null,
        null,
        null,
        null,
        null,
        1,
        10,
        10,
        20,
        null,
        null,
        null,
        null,
        null,
        null,
        null,
        null,
        null,
        null,
        null,
        null,
        null,
        null,
        null,
        null,
        null,
        null,
        null,
        null,
        null,
        null,
        null,
        1,
        60,
        60,
        120,
        null,
        null,
        null,
        null,
        null,
        null,
        null,
        null,
        null,
        null,
        null,
        null,
        null,
        null,
        null,
        null,
        null,
        null,
        null,
        null,
        null,
        null,
        null,
        null,
        null,
        1,
        0,
        0,
        0,
        0,
        null,
        null,
        null,
        0,
        null,
        null,
        null,
        null,
        null,
        null,
        null,
        null,
        null,
        null,
        null,
        null,
        null,
        null,
        null,
        null,
        null,
        null,
        null,
        null,
        null,
        null,
        null,
        null,
        null,
        1,
        32,
        32,
        32,
        32,
        null,
        null,
        null,
        64,
        null,
        null,
        null,
        null,
        null,
        null,
        1,
        0,
        null,
        null,
        1,
        null,
        1,
        null,
        null
      ],
      "/ruby_rabbitmq_janus/lib/rrj/tools/bin/config.rb": [
        null,
        null,
        null,
        null,
        null,
        null,
        1,
        null,
        0,
        null,
        0,
        null,
        null,
        0,
        null,
        null,
        1,
        null,
        0,
        null
      ],
      "/ruby_rabbitmq_janus/lib/rrj/tools/gem/logger.rb": [
        null,
        null,
        1,
        1,
        1,
        null,
        1,
        1,
        null,
        null,
        null,
        null,
        null,
        null,
        null,
        null,
        null,
        null,
        null,
        null,
        null,
        1,
        null,
        1,
        1,
        1,
        1,
        1,
        null,
        null,
        null,
        1,
        1,
        null,
        1,
        1,
        null,
        1,
        null,
        null,
        null,
        1,
        1,
        0,
        0,
        null,
        1,
        null,
        null,
        null,
        null,
        1,
        2,
        null,
        null,
        null,
        null,
        1,
        1,
        null,
        null,
        null,
        1,
        1,
        null,
        1,
        null,
        null,
        null,
        null,
        null,
        null,
        1,
        2,
        null,
        null,
        null,
        1,
        2,
        null,
        null,
        null,
        1,
        2,
        null,
        null,
        null,
        1,
        2,
        null,
        null,
        null,
        null
      ],
      "/ruby_rabbitmq_janus/lib/rrj/tools/gem/config.rb": [
        null,
        null,
        1,
        1,
        1,
        1,
        1,
        1,
        4,
        null,
        1,
        2,
        null,
        null,
        1,
        1,
        null,
        null,
        null,
        null,
        null,
        null,
        null,
        null,
        null,
        1,
        1,
        1,
        1,
        1,
        1,
        null,
        1,
        null,
        null,
        1,
        null,
        null,
        null,
        1,
        null,
        null,
        1,
        null,
        null,
        1,
        null,
        null,
        1,
        1,
        1,
        1,
        null,
        null,
        1,
        null,
        1,
        1,
        null,
        null,
        1,
        1,
        1,
        null,
        null,
        1,
        1,
        1,
        null,
        null,
        null,
        null,
        null,
        1,
        1,
        null,
        null
      ],
      "/ruby_rabbitmq_janus/lib/rrj/tools/gem/config/gem.rb": [
        null,
        null,
        null,
        null,
        1,
        1,
        null,
        null,
        null,
        null,
        null,
        1,
        null,
        1,
        2,
        null,
        null,
        null,
        1,
        3,
        null,
        null,
        null,
        1,
        3,
        null,
        null,
        null,
        1,
        11,
        11,
        null,
        null,
        null,
        1,
        2,
        null,
        null,
        null,
        null,
        1,
        2,
        null,
        null,
        null,
        null,
        1,
        4,
        null,
        null,
        null,
        1,
        6,
        null,
        null,
        null,
        1,
        5,
        null,
        null,
        null,
        1,
        2,
        null,
        null,
        null,
        1,
        2,
        null,
        null,
        1,
        1,
        1,
        null,
        null,
        null
      ],
      "/ruby_rabbitmq_janus/lib/rrj/tools/gem/config/rabbit.rb": [
        null,
        null,
        null,
        null,
        1,
        1,
        null,
        null,
        null,
        null,
        null,
        1,
        null,
        1,
        2,
        null,
        null,
        null,
        1,
        2,
        null,
        null,
        null,
        1,
        192,
        1152,
        1152,
        null,
        1152,
        null,
        1152,
        null,
        null,
        null,
        1,
        null,
        1,
        1152,
        null,
        null,
        null,
        null
      ],
      "/ruby_rabbitmq_janus/lib/rrj/tools/gem/config/queues.rb": [
        null,
        null,
        1,
        1,
        null,
        null,
        null,
        null,
        null,
        1,
        null,
        1,
        12,
        null,
        null,
        null,
        1,
        3,
        null,
        null,
        null,
        1,
        2,
        null,
        null,
        null,
        1,
        3,
        null,
        null,
        null,
        null
      ],
      "/ruby_rabbitmq_janus/lib/rrj/tools/gem/config/janus.rb": [
        null,
        null,
        1,
        1,
        null,
        null,
        null,
        null,
        null,
        1,
        null,
        null,
        1,
        4,
        null,
        null,
        null,
        null,
        null,
        1,
        135,
        null,
        null,
        1,
        null,
        null,
        null
      ],
      "/ruby_rabbitmq_janus/lib/rrj/models/concerns/instances.rb": [
        null,
        null,
        null,
        null,
        1,
        1,
        null,
        1,
        1,
        null,
        null,
        1,
        null,
        1,
        2,
        null,
        null,
        null,
        1,
        2,
        null,
        null,
        null,
        1,
        2,
        null,
        null,
        null,
        1,
        3,
        null,
        null,
        null,
        1,
        14,
        null,
        null,
        null,
        1,
        4,
        null,
        null,
        null,
        1,
        2,
        null,
        null,
        null,
        null,
        null
      ],
      "/ruby_rabbitmq_janus/lib/rrj/models/concerns/validations.rb": [
        null,
        null,
        1,
        1,
        null,
        1,
        1,
        null,
        1,
        null,
        1,
        null,
        null,
        null,
        null
      ],
      "/ruby_rabbitmq_janus/lib/rrj/models/mongoid.rb": [
        null,
        null,
        1,
        1,
        null,
        null,
        null,
        1,
        1,
        1,
        1,
        null,
        1,
        1,
        1,
        null,
        1,
        null,
        null,
        null
      ],
      "/ruby_rabbitmq_janus/lib/rrj/admin.rb": [
        null,
        null,
        null,
        null,
        1,
        null,
        null,
        null,
        null,
        null,
        null,
        null,
        null,
        null,
        null,
        null,
        null,
        1,
        null,
        null,
        null,
        null,
        null,
        null,
        null,
        null,
        null,
        null,
        null,
        null,
        null,
        null,
        null,
        null,
        null,
        null,
        null,
        1,
        85,
        170,
        null,
        null,
        null
      ],
      "/ruby_rabbitmq_janus/lib/rrj/task.rb": [
        null,
        null,
        null,
        null,
        1,
        null,
        null,
        null,
        null,
        null,
        1,
        null,
        1,
        0,
        0,
        null,
        null,
        null,
        null,
        null,
        null,
        null,
        null,
        null,
        null,
        null,
        null,
        null,
        null,
        null,
        null,
        null,
        null,
        null,
        null,
        1,
        0,
        null,
        0,
        null,
        null,
        null,
        1,
        null,
        null,
        null,
        null,
        1,
        null,
        null,
        null,
        null,
        null,
        null,
        null,
        null,
        null,
        null,
        null,
        null,
        null,
        null,
        null,
        null,
        null,
        null,
        null,
        null,
        null,
        null,
        null,
        null,
        null,
        null,
        null,
        1,
        0,
        0,
        0,
        null,
        null,
        null,
        0,
        null,
        null,
        1,
        null,
        1,
        0,
        null,
        null,
        null
      ],
      "/ruby_rabbitmq_janus/lib/rrj/task_admin.rb": [
        null,
        null,
        null,
        null,
        1,
        null,
        null,
        null,
        null,
        null,
        1,
        null,
        null,
        null,
        null,
        null,
        null,
        null,
        null,
        null,
        null,
        null,
        null,
        null,
        null,
        null,
        null,
        null,
        null,
        null,
        null,
        null,
        null,
        null,
        null,
        1,
        0,
        0,
        null,
        null,
        null
      ],
      "/ruby_rabbitmq_janus/lib/rrj/rspec.rb": [
        null,
        null,
        1,
        null,
        null,
        null,
        1,
        null,
        null,
        null,
        1,
        null,
        1,
        0,
        null,
        null,
        null,
        null,
        1,
        0,
        null,
        null,
        null,
        1,
        0,
        0,
        0,
        null,
        null,
        null,
        1,
        0,
        null,
        null,
        1,
        1,
        null,
        null
      ],
      "/ruby_rabbitmq_janus/lib/rrj/tools/tools.rb": [
        null,
        null,
        1,
        1,
        1,
        1,
        1,
        1,
        null,
        1,
        null,
        1,
        null,
        null
      ],
      "/ruby_rabbitmq_janus/lib/rrj/tools/gem/requests.rb": [
        null,
        null,
        1,
        1,
        null,
        null,
        null,
        null,
        null,
        null,
        null,
        null,
        null,
        null,
        1,
        1,
        null,
        1,
        null,
        null,
        1,
        null,
        null,
        1,
        1,
        1,
        5,
        null,
        null,
        1,
        null,
        1,
        4,
        32,
        32,
        0,
        0,
        null,
        null,
        null,
        null,
        1,
        0,
        null,
        null,
        1,
        32,
        null,
        null,
        1,
        4,
        0,
        4,
        4,
        null,
        null,
        null,
        null,
        null
      ],
      "/ruby_rabbitmq_janus/lib/rrj/tools/gem/cluster.rb": [
        null,
        null,
        1,
        1,
        null,
        null,
        null,
        1,
        1,
        null,
        null,
        1,
        1,
        null,
        null,
        null,
        1,
        138,
        null,
        null,
        null,
        null,
        1,
        91,
        null,
        null,
        null,
        null,
        null
      ],
      "/ruby_rabbitmq_janus/lib/rrj/tools/gem/option.rb": [
        null,
        null,
        null,
        null,
        null,
        1,
        1,
        null,
        null,
        null,
        null,
        null,
        null,
        1,
        1,
        187,
        187,
        null,
        null,
        null,
        null,
        null,
        null,
        null,
        null,
        null,
        1,
        102,
        54,
        null,
        48,
        null,
        null,
        null,
        null,
        null,
        null,
        null,
        null,
        null,
        null,
        1,
        32,
        null,
        null,
        null,
        null
      ],
      "/ruby_rabbitmq_janus/lib/rrj/tools/replaces/type.rb": [
        null,
        null,
        1,
        null,
        null,
        null,
        null,
        1,
        1,
        null,
        null,
        1,
        null,
        null,
        null,
        1,
        344,
        344,
        null,
        null,
        null,
        null,
        null,
        null,
        null,
        null,
        1,
        956,
        956,
        956,
        null,
        null,
        1,
        null,
        1,
        956,
        90,
        326,
        39,
        52,
        12,
        308,
        129,
        null,
        null,
        null,
        1,
        956,
        956,
        52,
        512,
        null,
        512,
        null,
        null,
        956,
        null,
        null,
        1,
        308,
        null,
        null,
        1,
        90,
        null,
        null,
        1,
        326,
        null,
        null,
        1,
        39,
        30,
        9,
        9,
        null,
        null,
        null,
        1,
        129,
        129,
        null,
        null,
        1,
        52,
        52,
        52,
        null,
        null,
        1,
        12,
        null,
        null,
        1,
        48,
        13,
        null,
        null,
        1,
        52,
        48,
        null,
        4,
        null,
        null,
        null,
        null,
        null
      ],
      "/ruby_rabbitmq_janus/lib/rrj/tools/replaces/replace.rb": [
        null,
        null,
        null,
        null,
        1,
        1,
        null,
        1,
        null,
        null,
        null,
        null,
        null,
        null,
        1,
        null,
        null,
        null,
        null,
        1,
        305,
        305,
        305,
        null,
        null,
        null,
        null,
        null,
        null,
        1,
        305,
        305,
        301,
        301,
        null,
        305,
        null,
        null,
        1,
        null,
        1,
        null,
        1,
        602,
        null,
        null,
        null,
        1,
        0,
        0,
        null,
        null,
        1,
        0,
        0,
        null,
        null,
        1,
        0,
        null,
        0,
        null,
        null,
        null,
        null,
        1,
        0,
        null,
        null,
        1,
        0,
        0,
        0,
        null,
        0,
        null,
        null,
        null,
        null,
        1,
        0,
        null,
        null,
        1,
        305,
        null,
        null,
        1,
        305,
        null,
        null,
        null,
        null,
        null,
        null,
        1,
        1,
        1
      ],
      "/ruby_rabbitmq_janus/lib/rrj/tools/replaces/session.rb": [
        null,
        null,
        1,
        1,
        1,
        null,
        null,
        null,
        null,
        null,
        1,
        1,
        null,
        1,
        280,
        280,
        280,
        null,
        null,
        1,
        172,
        null,
        null,
        1,
        123,
        null,
        null,
        null,
        null,
        null
      ],
      "/ruby_rabbitmq_janus/lib/rrj/tools/replaces/handle.rb": [
        null,
        null,
        1,
        1,
        1,
        null,
        null,
        null,
        null,
        1,
        1,
        null,
        1,
        261,
        261,
        261,
        44,
        261,
        null,
        null,
        1,
        81,
        null,
        null,
        1,
        44,
        44,
        44,
        null,
        null,
        1,
        52,
        null,
        null,
        1,
        44,
        2,
        null,
        42,
        null,
        null,
        null,
        1,
        44,
        44,
        44,
        0,
        44,
        0,
        null,
        null,
        null,
        null,
        null,
        null
      ],
      "/ruby_rabbitmq_janus/lib/rrj/tools/replaces/admin.rb": [
        null,
        null,
        1,
        1,
        1,
        null,
        null,
        null,
        null,
        1,
        1,
        null,
        1,
        null,
        null,
        null,
        null,
        null,
        null,
        null,
        null,
        null,
        null,
        null,
        null,
        1,
        108,
        108,
        108,
        null,
        null,
        1,
        21,
        21,
        null,
        null,
        1,
        106,
        106,
        1272,
        null,
        null,
        null,
        1,
        140,
        null,
        null,
        1,
        106,
        null,
        null,
        1,
        106,
        null,
        null,
        null,
        null,
        null
      ],
      "/ruby_rabbitmq_janus/lib/rrj/rabbit/rabbit.rb": [
        null,
        null,
        1,
        1,
        1,
        null,
        1,
        null,
        1,
        null,
        null
      ],
      "/ruby_rabbitmq_janus/lib/rrj/rabbit/connect.rb": [
        null,
        null,
        1,
        null,
        1,
        1,
        null,
        null,
        null,
        1,
        null,
        1,
        190,
        null,
        null,
        null,
        1,
        187,
        null,
        187,
        150,
        150,
        null,
        null,
        null,
        1,
        187,
        null,
        187,
        187,
        187,
        null,
        null,
        null,
        null,
        1,
        188,
        null,
        null,
        null,
        1,
        152,
        null,
        null,
        null,
        1,
        217,
        null,
        null,
        1,
        null,
        1,
        190,
        null,
        null,
        1,
        null,
        190,
        null,
        null,
        null,
        null,
        null,
        null,
        null
      ],
      "/ruby_rabbitmq_janus/lib/rrj/rabbit/base_event.rb": [
        null,
        null,
        1,
        null,
        1,
        1,
        null,
        null,
        null,
        null,
        null,
        null,
        null,
        null,
        null,
        null,
        null,
        1,
        1,
        null,
        null,
        1,
        218,
        218,
        218,
        null,
        null,
        1,
        null,
        1,
        null,
        1,
        207,
        207,
        207,
        207,
        null,
        207,
        null,
        null,
        null,
        null,
        null,
        1,
        1
      ],
      "/ruby_rabbitmq_janus/lib/rrj/rabbit/publisher/base.rb": [
        null,
        null,
        null,
        null,
        1,
        1,
        1,
        null,
        null,
        null,
        1,
        null,
        null,
        null,
        null,
        1,
        217,
        217,
        217,
        null,
        null,
        null,
        null,
        null,
        null,
        null,
        null,
        1,
        132,
        132,
        null,
        null,
        null,
        1,
        null,
        1,
        207,
        207,
        207,
        null,
        null,
        null,
        null,
        1,
        207,
        null,
        null,
        1,
        207,
        null,
        null,
        1,
        null,
        207,
        null,
        207,
        null,
        null,
        1,
        207,
        207,
        null,
        207,
        null,
        null,
        1,
        1,
        null,
        null,
        null,
        null,
        null,
        1,
        1,
        1,
        1
      ],
      "/ruby_rabbitmq_janus/lib/rrj/rabbit/publisher/exclusive.rb": [
        null,
        null,
        1,
        1,
        1,
        null,
        null,
        null,
        null,
        null,
        null,
        1,
        null,
        null,
        null,
        null,
        1,
        122,
        122,
        122,
        null,
        null,
        null,
        null,
        null,
        null,
        null,
        null,
        1,
        122,
        122,
        null,
        null,
        1,
        null,
        1,
        null,
        null,
        null,
        null
      ],
      "/ruby_rabbitmq_janus/lib/rrj/rabbit/publisher/admin.rb": [
        null,
        null,
        1,
        1,
        1,
        null,
        null,
        null,
        null,
        1,
        null,
        null,
        null,
        1,
        85,
        null,
        85,
        85,
        null,
        null,
        null,
        null,
        null,
        null,
        null,
        null,
        null,
        1,
        85,
        85,
        null,
        85,
        null,
        null,
        null,
        null,
        null
      ],
      "/ruby_rabbitmq_janus/lib/rrj/rabbit/publisher/keepalive.rb": [
        null,
        null,
        1,
        1,
        1,
        null,
        null,
        null,
        null,
        null,
        null,
        null,
        1,
        1,
        0,
        0,
        0,
        null,
        null,
        1,
        0,
        0,
        null,
        null,
        1,
        null,
        1,
        null,
        null,
        null,
        null
      ],
      "/ruby_rabbitmq_janus/lib/rrj/rabbit/publisher/non_exclusive.rb": [
        null,
        null,
        1,
        1,
        1,
        null,
        null,
        null,
        null,
        1,
        null,
        1,
        10,
        10,
        null,
        null,
        null,
        null,
        null,
        null,
        null,
        1,
        10,
        null,
        null,
        null,
        null,
        null,
        null
      ],
      "/ruby_rabbitmq_janus/lib/rrj/rabbit/listener/base.rb": [
        null,
        null,
        null,
        null,
        1,
        1,
        1,
        null,
        1,
        null,
        null,
        null,
        1,
        0,
        0,
        0,
        null,
        null,
        null,
        1,
        0,
        0,
        0,
        0,
        0,
        null,
        0,
        null,
        null,
        1,
        null,
        1,
        null,
        1,
        0,
        null,
        null,
        1,
        0,
        null,
        null,
        1,
        0,
        0,
        0,
        null,
        null,
        1,
        null,
        0,
        0,
        0,
        null,
        null,
        1,
        0,
        0,
        0,
        0,
        null,
        null,
        null,
        1,
        0,
        0,
        0,
        null,
        0,
        null,
        null,
        null,
        null,
        null,
        null,
        1,
        1
      ],
      "/ruby_rabbitmq_janus/lib/rrj/rabbit/listener/from.rb": [
        null,
        null,
        1,
        1,
        1,
        null,
        null,
        null,
        null,
        null,
        1,
        1,
        null,
        1,
        0,
        null,
        null,
        1,
        0,
        null,
        null,
        null,
        null,
        null
      ],
      "/ruby_rabbitmq_janus/lib/rrj/rabbit/listener/from_admin.rb": [
        null,
        null,
        1,
        1,
        1,
        null,
        null,
        null,
        null,
        null,
        1,
        1,
        null,
        1,
        0,
        null,
        null,
        1,
        0,
        null,
        null,
        null,
        null,
        null
      ],
      "/ruby_rabbitmq_janus/lib/rrj/rabbit/propertie.rb": [
        null,
        null,
        1,
        1,
        null,
        null,
        null,
        null,
        null,
        null,
        1,
        1,
        null,
        null,
        1,
        229,
        229,
        229,
        null,
        null,
        null,
        1,
        136,
        null,
        null,
        null,
        1,
        89,
        null,
        null,
        1,
        null,
        1,
        0,
        null,
        0,
        0,
        null,
        0,
        null,
        null,
        null,
        1,
        225,
        null,
        null,
        1,
        136,
        null,
        null,
        1,
        89,
        null,
        null,
        null,
        null
      ],
      "/ruby_rabbitmq_janus/lib/rrj/janus/janus.rb": [
        null,
        null,
        1,
        1,
        null,
        1,
        1,
        1,
        1,
        1,
        1
      ],
      "/ruby_rabbitmq_janus/lib/rrj/janus/messages/message.rb": [
        null,
        null,
        1,
        1,
        null,
        1,
        null,
        null,
        null,
        null,
        null,
        null,
        null,
        null,
        null,
        null,
        null,
        null,
        null,
        null,
        1,
        1,
        null,
        null,
        null,
        null,
        null,
        null,
        null,
        null,
        null,
        null,
        null,
        null,
        null,
        null,
        null,
        null,
        null,
        null,
        null,
        null,
        null,
        1,
        225,
        225,
        225,
        225,
        225,
        null,
        null,
        null,
        null,
        null,
        1,
        668,
        null,
        null,
        null,
        null,
        null,
        1,
        1,
        null,
        null,
        null,
        null,
        null,
        1,
        2,
        null,
        null,
        null,
        null,
        null,
        1,
        208,
        null,
        null,
        1,
        null,
        1,
        null,
        1,
        225,
        225,
        null,
        null,
        1,
        225,
        null,
        null,
        1,
        225,
        null,
        null,
        1,
        0,
        0,
        null,
        0,
        null,
        null,
        null,
        null,
        null,
        null,
        null,
        1,
        1
      ],
      "/ruby_rabbitmq_janus/lib/rrj/janus/messages/standard.rb": [
        null,
        null,
        1,
        1,
        1,
        null,
        null,
        null,
        1,
        1,
        134,
        null,
        null,
        null,
        1,
        134,
        null,
        null,
        1,
        null,
        1,
        134,
        null,
        134,
        null,
        null,
        null,
        null,
        null
      ],
      "/ruby_rabbitmq_janus/lib/rrj/janus/messages/admin.rb": [
        null,
        null,
        1,
        1,
        1,
        null,
        null,
        null,
        1,
        1,
        87,
        null,
        null,
        null,
        1,
        87,
        null,
        null,
        1,
        null,
        1,
        87,
        null,
        87,
        null,
        null,
        null,
        null,
        null
      ],
      "/ruby_rabbitmq_janus/lib/rrj/janus/transactions/transaction.rb": [
        null,
        null,
        1,
        1,
        null,
        1,
        null,
        null,
        null,
        null,
        null,
        1,
        null,
        null,
        null,
        null,
        1,
        187,
        187,
        187,
        null,
        null,
        1,
        null,
        1,
        null,
        null,
        1,
        102,
        102,
        92,
        null,
        92,
        null,
        10,
        null,
        10,
        null,
        null,
        null,
        1,
        0,
        0,
        0,
        null,
        null,
        1,
        187,
        null,
        null,
        null,
        null,
        null,
        null,
        1,
        1,
        1,
        1
      ],
      "/ruby_rabbitmq_janus/lib/rrj/janus/transactions/session.rb": [
        null,
        null,
        1,
        1,
        1,
        null,
        null,
        null,
        null,
        null,
        1,
        null,
        null,
        null,
        null,
        1,
        155,
        155,
        null,
        null,
        null,
        null,
        null,
        1,
        70,
        70,
        70,
        null,
        null,
        null,
        null,
        1,
        70,
        70,
        70,
        null,
        null,
        1,
        null,
        1,
        70,
        null,
        null,
        null,
        null,
        null
      ],
      "/ruby_rabbitmq_janus/lib/rrj/janus/transactions/handle.rb": [
        null,
        null,
        null,
        null,
        1,
        1,
        1,
        null,
        null,
        null,
        1,
        null,
        null,
        null,
        null,
        1,
        32,
        32,
        32,
        32,
        null,
        null,
        null,
        null,
        null,
        null,
        null,
        null,
        1,
        32,
        32,
        32,
        32,
        null,
        32,
        null,
        null,
        null,
        null,
        null,
        null,
        null,
        null,
        1,
        32,
        32,
        32,
        null,
        null,
        null,
        1,
        0,
        0,
        0,
        null,
        null,
        null,
        null,
        null,
        1,
        0,
        0,
        null,
        null,
        1,
        null,
        1,
        30,
        30,
        60,
        null,
        null,
        null,
        1,
        30,
        30,
        null,
        null,
        null,
        null,
        1,
        30,
        30,
        30,
        null,
        null,
        1,
        32,
        null,
        null,
        null,
        null,
        null
      ],
      "/ruby_rabbitmq_janus/lib/rrj/janus/transactions/admin.rb": [
        null,
        null,
        null,
        null,
        1,
        1,
        1,
        null,
        null,
        null,
        1,
        1,
        85,
        null,
        null,
        null,
        1,
        85,
        85,
        85,
        null,
        null,
        null,
        null,
        1,
        85,
        85,
        85,
        null,
        null,
        1,
        null,
        1,
        0,
        null,
        null,
        1,
        85,
        null,
        null,
        1,
        0,
        null,
        null,
        1,
        85,
        null,
        null,
        null,
        null,
        null
      ],
      "/ruby_rabbitmq_janus/lib/rrj/janus/transactions/rspec.rb": [
        null,
        null,
        1,
        1,
        1,
        null,
        null,
        null,
        1,
        1,
        null,
        null,
        1,
        0,
        null,
        null,
        null,
        1,
        null,
        null,
        1,
        null,
        null,
        1,
        null,
        null,
        1,
        0,
        null,
        null,
        null,
        null,
        null
      ],
      "/ruby_rabbitmq_janus/lib/rrj/janus/responses/response.rb": [
        null,
        null,
        1,
        1,
        null,
        1,
        null,
        null,
        null,
        null,
        null,
        null,
        1,
        null,
        null,
        null,
        null,
        null,
        1,
        298,
        null,
        298,
        235,
        null,
        null,
        null,
        null,
        null,
        1,
        50,
        null,
        null,
        null,
        null,
        null,
        1,
        1,
        null,
        null,
        null,
        null,
        null,
        1,
        2,
        null,
        null,
        null,
        null,
        null,
        1,
        127,
        null,
        null,
        null,
        null,
        null,
        1,
        64,
        null,
        null,
        null,
        1,
        5,
        null,
        null,
        1,
        null,
        1,
        204,
        null,
        null,
        1,
        298,
        null,
        null,
        1,
        0,
        0,
        null,
        null,
        1,
        235,
        null,
        null,
        1,
        63,
        63,
        null,
        null,
        1,
        null,
        null,
        null,
        null,
        null,
        1,
        1,
        1,
        1,
        1
      ],
      "/ruby_rabbitmq_janus/lib/rrj/janus/responses/error.rb": [
        null,
        null,
        null,
        null,
        1,
        1,
        1,
        null,
        null,
        null,
        null,
        null,
        1,
        null,
        1,
        1,
        null,
        null,
        null,
        null,
        1,
        1,
        null,
        null,
        null,
        1,
        1,
        null,
        null,
        null,
        1,
        1,
        null,
        null,
        null,
        1,
        1,
        null,
        null,
        null,
        1,
        1,
        null,
        null,
        null,
        1,
        1,
        null,
        null,
        null,
        1,
        4,
        null,
        null,
        null,
        1,
        14,
        null,
        null,
        null,
        1,
        1,
        null,
        null,
        null,
        1,
        1,
        null,
        null,
        null,
        1,
        1,
        null,
        null,
        null,
        null,
        1,
        1,
        null,
        null,
        null,
        1,
        1,
        null,
        null,
        null,
        null,
        1,
        1,
        null,
        null,
        null,
        1,
        1,
        null,
        null,
        null,
        1,
        5,
        null,
        null,
        null,
        1,
        1,
        null,
        null,
        null,
        null,
        1,
        6,
        null,
        null,
        null,
        1,
        1,
        null,
        null,
        null,
        1,
        3,
        null,
        null,
        null,
        1,
        3,
        null,
        null,
        null,
        null,
        1,
        1,
        null,
        null,
        null,
        1,
        1,
        null,
        null,
        null,
        1,
        9,
        null,
        null,
        1,
        null,
        1,
        1,
        null,
        null,
        1,
        1,
        null,
        null,
        null,
        null,
        null,
        null
      ],
      "/ruby_rabbitmq_janus/lib/rrj/janus/responses/standard.rb": [
        null,
        null,
        null,
        null,
        1,
        1,
        null,
        1,
        null,
        1,
        null,
        1,
        39,
        null,
        null,
        38,
        null,
        37,
        null,
        null,
        null,
        1,
        33,
        null,
        null,
        32,
        null,
        31,
        null,
        null,
        null,
        1,
        null,
        2,
        null,
        1,
        null,
        null,
        null,
        1,
        null,
        3,
        null,
        2,
        null,
        null,
        null,
        1,
        null,
        3,
        null,
        null,
        2,
        null,
        1,
        null,
        null,
        null,
        1,
        70,
        null,
        69,
        null,
        null,
        null,
        1,
        null,
        3,
        null,
        null,
        2,
        null,
        1,
        null,
        null,
        1,
        null,
        1,
        3,
        142,
        null,
        null,
        1,
        3,
        null,
        null,
        1,
        68,
        null,
        null,
        null,
        null,
        null,
        null
      ],
      "/ruby_rabbitmq_janus/lib/rrj/janus/responses/admin.rb": [
        null,
        null,
        1,
        1,
        1,
        null,
        null,
        null,
        1,
        null,
        1,
        3,
        null,
        null,
        null,
        null,
        1,
        2,
        null,
        null,
        null,
        1,
        3,
        null,
        null,
        null,
        1,
        3,
        null,
        null,
        null,
        null,
        1,
        3,
        null,
        null,
        null,
        1,
        3,
        null,
        null,
        null,
        1,
        10,
        null,
        null,
        null,
        1,
        3,
        null,
        null,
        null,
        1,
        4,
        null,
        null,
        null,
        1,
        4,
        null,
        null,
        null,
        1,
        4,
        null,
        null,
        1,
        null,
        1,
        42,
        null,
        31,
        null,
        null,
        1,
        11,
        null,
        null,
        null,
        null,
        null,
        null
      ],
      "/ruby_rabbitmq_janus/lib/rrj/janus/responses/event.rb": [
        null,
        null,
        1,
        1,
        null,
        1,
        null,
        1,
        null,
        null,
        null,
        null,
        null,
        null,
        1,
        null,
        2,
        null,
        1,
        null,
        null,
        null,
        null,
        null,
        null,
        null,
        null,
        1,
        null,
        2,
        null,
        1,
        null,
        null,
        null,
        null,
        null,
        null,
        null,
        null,
        1,
        null,
        2,
        null,
        1,
        null,
        null,
        null,
        null,
        null,
        null,
        null,
        null,
        1,
        null,
        3,
        null,
        1,
        null,
        null,
        1,
        null,
        1,
        2,
        null,
        null,
        null,
        null,
        null
      ],
      "/ruby_rabbitmq_janus/lib/rrj/janus/responses/rspec.rb": [
        null,
        null,
        null,
        null,
        1,
        1,
        1,
        null,
        1,
        null,
        null,
        1,
        0,
        0,
        null,
        null,
        null,
        null,
        null,
        1,
        0,
        null,
        null,
        null,
        1,
        0,
        null,
        null,
        null,
        1,
        0,
        null,
        null,
        null,
        1,
        0,
        null,
        null,
        null,
        1,
        0,
        null,
        null,
        null,
        1,
        0,
        null,
        null,
        null,
        1,
        0,
        null,
        null,
        null,
        1,
        0,
        null,
        null,
        null,
        1,
        0,
        null,
        null,
        null,
        1,
        0,
        null,
        null,
        null,
        null,
        null,
        1,
        0,
        null,
        null,
        1,
        1,
        1,
        1,
        1,
        null,
        null,
        null,
        null
      ],
      "/ruby_rabbitmq_janus/lib/rrj/process/concurrency.rb": [
        null,
        null,
        1,
        1,
        null,
        1,
        null,
        null,
        null,
        null,
        null,
        null,
        null,
        1,
        null,
        1,
        0,
        0,
        0,
        0,
        null,
        null,
        1,
        null,
        1,
        null,
        1,
        0,
        null,
        0,
        0,
        null,
        0,
        null,
        null,
        1,
        0,
        null,
        null,
        1,
        0,
        null,
        null,
        null,
        null,
        null,
        null,
        1,
        1
      ],
      "/ruby_rabbitmq_janus/lib/rrj/process/event.rb": [
        null,
        null,
        1,
        null,
        1,
        1,
        1,
        null,
        null,
        null,
        null,
        null,
        null,
        null,
        null,
        1,
        1,
        null,
        1,
        null,
        1,
        0,
        null,
        null,
        1,
        0,
        null,
        null,
        1,
        0,
        null,
        null,
        null,
        null,
        null
      ],
      "/ruby_rabbitmq_janus/lib/rrj/process/thread_runner_concern.rb": [
        null,
        null,
        1,
        null,
        1,
        1,
        1,
        null,
        null,
        null,
        null,
        null,
        1,
        1,
        null,
        1,
        null,
        null,
        2,
        0,
        0,
        null,
        null,
        null,
        null,
        null,
        null,
        null,
        null,
        null,
        null,
        null,
        2,
        0,
        null,
        0,
        0,
        0,
        0,
        null,
        null,
        0,
        null,
        null,
        null,
        null,
        2,
        null,
        2,
        0,
        null,
        null,
        null,
        null,
        null,
        null
      ],
      "/ruby_rabbitmq_janus/lib/rrj/process/event_admin.rb": [
        null,
        null,
        1,
        null,
        1,
        1,
        1,
        null,
        null,
        null,
        null,
        null,
        null,
        null,
        null,
        1,
        1,
        null,
        1,
        null,
        1,
        0,
        null,
        null,
        1,
        0,
        null,
        null,
        1,
        0,
        null,
        null,
        null,
        null,
        null
      ],
      "/ruby_rabbitmq_janus/lib/rrj/railtie.rb": [
        null,
        null,
        1,
        null,
        null,
        null,
        1,
        1,
        null,
        1,
        0,
        0,
        null,
        null,
        null
      ]
    },
    "timestamp": 1613385318
  }
}
