{
  "RSpec": {
    "coverage": {
      "/ruby_rabbitmq_janus/lib/rrj/info.rb": [
        null,
        null,
        null,
        null,
        null,
        null,
        1,
        null,
        1,
        null,
        null,
        1,
        null,
        null,
        1,
        null,
        null,
        1,
        null,
        null,
        1,
        null,
        null,
        1,
        null,
        null,
        1,
        null,
        null,
        null,
        null,
        null,
        null,
        null,
        null,
        1,
        null,
        null,
        null,
        1,
        null,
        null,
        null,
        null,
        null,
        null,
        null,
        null,
        null,
        null,
        null,
        null,
        null,
        null,
        null,
        null,
        1,
        null
      ],
      "/ruby_rabbitmq_janus/lib/ruby_rabbitmq_janus.rb": [
        null,
        null,
        null,
        1,
        1,
        1,
        1,
        1,
        null,
        null,
        1,
        null,
        null,
        1,
        null,
        null,
        1,
        null,
        null,
        1,
        null,
        null,
        1,
        null,
        1
      ],
      "/ruby_rabbitmq_janus/lib/rrj/init.rb": [
        null,
        null,
        1,
        1,
        1,
        1,
        1,
        1,
        1,
        1,
        1,
        1,
        null,
        1,
        1,
        null,
        null,
        null,
        null,
        null,
        1,
        null,
        null,
        null,
        null,
        null,
        null,
        null,
        null,
        null,
        null,
        null,
        null,
        null,
        null,
        null,
        1,
        1,
        null,
        null,
        null,
        null,
        null,
        null,
        1,
        187,
        null,
        null,
        null,
        null,
        null,
        null,
        null,
        null,
        null,
        null,
        null,
        null,
        null,
        null,
        null,
        null,
        null,
        null,
        null,
        null,
        null,
        null,
        null,
        1,
        10,
        10,
        20,
        null,
        null,
        null,
        null,
        null,
        null,
        null,
        null,
        null,
        null,
        null,
        null,
        null,
        null,
        null,
        null,
        null,
        null,
        null,
        null,
        null,
        null,
        null,
        1,
        60,
        60,
        120,
        null,
        null,
        null,
        null,
        null,
        null,
        null,
        null,
        null,
        null,
        null,
        null,
        null,
        null,
        null,
        null,
        null,
        null,
        null,
        null,
        null,
        null,
        null,
        null,
        null,
        1,
        0,
        0,
        0,
        0,
        null,
        null,
        null,
        0,
        null,
        null,
        null,
        null,
        null,
        null,
        null,
        null,
        null,
        null,
        null,
        null,
        null,
        null,
        null,
        null,
        null,
        null,
        null,
        null,
        null,
        null,
        null,
        null,
        null,
        1,
        32,
        32,
        32,
        32,
        null,
        null,
        null,
        64,
        null,
        null,
        null,
        null,
        null,
        null,
        1,
        0,
        null,
        null,
        1,
        null,
        1,
        null,
        null
      ],
      "/ruby_rabbitmq_janus/lib/rrj/tools/bin/config.rb": [
        null,
        null,
        null,
        null,
        null,
        null,
        1,
        null,
        0,
        null,
        0,
        null,
        null,
        0,
        null,
        null,
        1,
        null,
        0,
        null
      ],
      "/ruby_rabbitmq_janus/lib/rrj/tools/gem/logger.rb": [
        null,
        null,
        1,
        1,
        1,
        null,
        1,
        1,
        null,
        null,
        null,
        null,
        null,
        null,
        null,
        null,
        null,
        null,
        null,
        null,
        null,
        1,
        null,
        1,
        1,
        1,
        1,
        1,
        null,
        null,
        null,
        1,
        1,
        null,
        1,
        1,
        null,
        1,
        null,
        null,
        null,
        1,
        1,
        1,
        0,
        0,
        null,
        0,
        null,
        null,
        null,
        null,
        1,
        1,
        null,
        null,
        null,
        null,
        1,
        0,
        null,
        null,
        null,
        1,
        0,
        null,
        0,
        null,
        null,
        null,
        null,
        null,
        null,
        1,
        0,
        null,
        null,
        null,
        1,
        0,
        null,
        null,
        null,
        1,
        0,
        null,
        null,
        null,
        1,
        0,
        null,
        null,
        null,
        null
      ],
      "/ruby_rabbitmq_janus/lib/rrj/tools/gem/config.rb": [
        null,
        null,
        1,
        1,
        1,
        1,
        1,
        1,
        4,
        null,
        1,
        2,
        null,
        null,
        1,
        1,
        null,
        null,
        null,
        null,
        null,
        null,
        null,
        null,
        null,
        1,
        1,
        1,
        1,
        1,
        1,
        null,
        1,
        null,
        null,
        1,
        null,
        null,
        null,
        1,
        null,
        null,
        1,
        null,
        null,
        1,
        null,
        null,
        1,
        1,
        1,
        1,
        null,
        null,
        1,
        null,
        1,
        1,
        null,
        null,
        1,
        1,
        1,
        null,
        null,
        1,
        1,
        1,
        null,
        null,
        null,
        null,
        null,
        1,
        1,
        null,
        null
      ],
      "/ruby_rabbitmq_janus/lib/rrj/errors/error.rb": [
        null,
        null,
        1,
        null,
        1,
        null,
        null,
        null,
        1,
        null,
        null,
        null,
        null,
        1,
        64,
        64,
        null,
        null,
        1,
        null,
        1,
        64,
        64,
        null,
        null,
        0,
        null,
        null,
        null,
        1,
        0,
        null,
        null,
        null,
        null,
        null,
        1,
        1,
        1,
        1,
        1
      ],
      "/ruby_rabbitmq_janus/lib/rrj/errors/base/base.rb": [
        null,
        null,
        1,
        1,
        1
      ],
      "/ruby_rabbitmq_janus/lib/rrj/errors/base/init.rb": [
        null,
        null,
        null,
        null,
        1,
        null,
        1,
        null,
        1,
        1,
        0,
        null,
        null,
        null,
        1,
        null,
        1,
        1,
        0,
        null,
        null,
        null,
        null,
        1,
        1,
        0,
        null,
        null,
        null,
        null,
        1,
        1,
        0,
        null,
        null,
        null,
        null,
        null,
        1,
        1,
        0,
        null,
        null,
        null,
        null,
        null
      ],
      "/ruby_rabbitmq_janus/lib/rrj/errors/base/admin.rb": [
        null,
        null,
        null,
        null,
        1,
        null,
        1,
        null,
        1,
        1,
        0,
        null,
        null,
        null,
        1,
        null,
        1,
        1,
        0,
        null,
        null,
        null,
        null,
        null
      ],
      "/ruby_rabbitmq_janus/lib/rrj/errors/base/task.rb": [
        null,
        null,
        null,
        null,
        1,
        null,
        1,
        null,
        1,
        1,
        0,
        null,
        null,
        null,
        1,
        null,
        1,
        1,
        0,
        null,
        null,
        null,
        null,
        1,
        1,
        0,
        null,
        null,
        null,
        null,
        null,
        null
      ],
      "/ruby_rabbitmq_janus/lib/rrj/errors/janus/janus.rb": [
        null,
        null,
        1,
        1,
        1,
        null,
        1,
        null,
        1,
        1,
        1,
        1,
        null,
        1,
        1,
        1,
        1
      ],
      "/ruby_rabbitmq_janus/lib/rrj/errors/janus/messages/message.rb": [
        null,
        null,
        1,
        1,
        1,
        null,
        1,
        1,
        0,
        null,
        null,
        null,
        1,
        null,
        1,
        1,
        0,
        null,
        null,
        null,
        null,
        1,
        1,
        0,
        null,
        null,
        null,
        null,
        1,
        1,
        0,
        null,
        null,
        null,
        null,
        1,
        1,
        0,
        null,
        null,
        null,
        null,
        1,
        1,
        0,
        null,
        null,
        null,
        null,
        null,
        null
      ],
      "/ruby_rabbitmq_janus/lib/rrj/errors/janus/messages/admin.rb": [
        null,
        null,
        null,
        null,
        1,
        1,
        null,
        1,
        null,
        1,
        1,
        0,
        null,
        null,
        null,
        1,
        null,
        1,
        1,
        0,
        null,
        null,
        null,
        null,
        1,
        1,
        0,
        null,
        null,
        null,
        null,
        null,
        null
      ],
      "/ruby_rabbitmq_janus/lib/rrj/errors/janus/messages/standard.rb": [
        null,
        null,
        null,
        null,
        1,
        1,
        null,
        1,
        null,
        1,
        1,
        0,
        null,
        null,
        null,
        1,
        null,
        1,
        1,
        0,
        null,
        null,
        null,
        null,
        1,
        1,
        0,
        null,
        null,
        null,
        null,
        null,
        null
      ],
      "/ruby_rabbitmq_janus/lib/rrj/errors/janus/responses/base.rb": [
        null,
        null,
        1,
        1,
        1,
        1,
        1,
        1,
        27,
        null,
        null,
        null,
        null,
        null,
        null
      ],
      "/ruby_rabbitmq_janus/lib/rrj/errors/janus/responses/code.rb": [
        null,
        null,
        1,
        1,
        1,
        1,
        1,
        1,
        37,
        null,
        null,
        null,
        1,
        1,
        1,
        1,
        1,
        1,
        1,
        1,
        1,
        1,
        1,
        1,
        1,
        1,
        1,
        1,
        1,
        1,
        1,
        1,
        1,
        1,
        1,
        1,
        1,
        null,
        null,
        null,
        null
      ],
      "/ruby_rabbitmq_janus/lib/rrj/errors/janus/responses/admin.rb": [
        null,
        null,
        1,
        1,
        1,
        1,
        1,
        1,
        1,
        11,
        null,
        null,
        null,
        1,
        1,
        1,
        null,
        null,
        null,
        1,
        1,
        1,
        null,
        null,
        null,
        1,
        1,
        1,
        null,
        null,
        null,
        1,
        1,
        1,
        null,
        null,
        null,
        1,
        1,
        1,
        null,
        null,
        null,
        1,
        1,
        1,
        null,
        null,
        null,
        1,
        1,
        1,
        null,
        null,
        null,
        1,
        1,
        1,
        null,
        null,
        null,
        1,
        1,
        1,
        null,
        null,
        null,
        1,
        1,
        1,
        null,
        null,
        null,
        1,
        1,
        1,
        null,
        null,
        null,
        null,
        null,
        null,
        null
      ],
      "/ruby_rabbitmq_janus/lib/rrj/errors/janus/responses/event.rb": [
        null,
        null,
        1,
        1,
        1,
        1,
        1,
        1,
        1,
        5,
        null,
        null,
        null,
        1,
        1,
        1,
        null,
        null,
        null,
        1,
        1,
        1,
        null,
        null,
        null,
        1,
        1,
        1,
        null,
        null,
        null,
        1,
        1,
        2,
        null,
        null,
        null,
        null,
        null,
        null,
        null
      ],
      "/ruby_rabbitmq_janus/lib/rrj/errors/janus/responses/standard.rb": [
        null,
        null,
        1,
        1,
        1,
        1,
        1,
        1,
        1,
        11,
        null,
        null,
        null,
        1,
        1,
        1,
        null,
        null,
        null,
        1,
        1,
        1,
        null,
        null,
        null,
        1,
        1,
        1,
        null,
        null,
        null,
        1,
        1,
        2,
        null,
        null,
        null,
        1,
        1,
        1,
        null,
        null,
        null,
        1,
        1,
        3,
        null,
        null,
        null,
        1,
        1,
        1,
        null,
        null,
        null,
        1,
        1,
        1,
        null,
        null,
        null,
        null,
        null,
        null,
        null
      ],
      "/ruby_rabbitmq_janus/lib/rrj/errors/janus/transactions/transaction.rb": [
        null,
        null,
        1,
        1,
        1,
        null,
        1,
        1,
        0,
        null,
        null,
        null,
        1,
        null,
        1,
        1,
        0,
        null,
        null,
        null,
        null,
        null,
        null
      ],
      "/ruby_rabbitmq_janus/lib/rrj/errors/janus/transactions/admin.rb": [
        null,
        null,
        1,
        1,
        1,
        null,
        1,
        1,
        0,
        null,
        null,
        null,
        1,
        null,
        1,
        1,
        0,
        null,
        null,
        null,
        null,
        1,
        1,
        0,
        null,
        null,
        null,
        null,
        1,
        1,
        0,
        null,
        null,
        null,
        null,
        null,
        null
      ],
      "/ruby_rabbitmq_janus/lib/rrj/errors/janus/transactions/handle.rb": [
        null,
        null,
        1,
        1,
        1,
        null,
        1,
        1,
        0,
        null,
        null,
        null,
        1,
        null,
        1,
        1,
        0,
        null,
        null,
        null,
        null,
        1,
        1,
        0,
        null,
        null,
        null,
        null,
        1,
        1,
        0,
        null,
        null,
        null,
        null,
        1,
        1,
        0,
        null,
        null,
        null,
        null,
        1,
        1,
        0,
        null,
        null,
        null,
        null,
        null,
        null,
        null
      ],
      "/ruby_rabbitmq_janus/lib/rrj/errors/janus/transactions/session.rb": [
        null,
        null,
        1,
        1,
        1,
        null,
        null,
        1,
        1,
        0,
        null,
        null,
        null,
        1,
        null,
        1,
        1,
        0,
        null,
        null,
        null,
        null,
        1,
        1,
        0,
        null,
        null,
        null,
        null,
        1,
        1,
        0,
        null,
        null,
        null,
        null,
        null,
        null
      ],
      "/ruby_rabbitmq_janus/lib/rrj/errors/process/concurency.rb": [
        null,
        null,
        1,
        1,
        1,
        null,
        1,
        1,
        0,
        null,
        null,
        null,
        null,
        1,
        1,
        0,
        null,
        null,
        null,
        1,
        null,
        1,
        1,
        0,
        null,
        null,
        null,
        null,
        null,
        null,
        null,
        1,
        1
      ],
      "/ruby_rabbitmq_janus/lib/rrj/errors/process/event.rb": [
        null,
        null,
        1,
        1,
        1,
        1,
        null,
        1,
        1,
        0,
        null,
        null,
        null,
        null,
        1,
        1,
        0,
        null,
        null,
        null,
        null,
        null,
        null
      ],
      "/ruby_rabbitmq_janus/lib/rrj/errors/process/event_admin.rb": [
        null,
        null,
        1,
        1,
        1,
        1,
        null,
        1,
        1,
        0,
        null,
        null,
        null,
        null,
        1,
        1,
        0,
        null,
        null,
        null,
        null,
        null,
        null
      ],
      "/ruby_rabbitmq_janus/lib/rrj/errors/tools/tools.rb": [
        null,
        null,
        1,
        1,
        1,
        null,
        1,
        1,
        0,
        null,
        null,
        null,
        null,
        null,
        null,
        1,
        1,
        1,
        1,
        null,
        1,
        1
      ],
      "/ruby_rabbitmq_janus/lib/rrj/errors/tools/gem/cluster.rb": [
        null,
        null,
        null,
        null,
        1,
        1,
        1,
        null,
        1,
        1,
        0,
        null,
        null,
        null,
        1,
        1,
        1,
        0,
        null,
        null,
        null,
        1,
        1,
        0,
        null,
        null,
        null,
        1,
        1,
        0,
        null,
        null,
        null,
        1,
        1,
        0,
        null,
        null,
        null,
        null,
        null,
        null
      ],
      "/ruby_rabbitmq_janus/lib/rrj/errors/tools/gem/log.rb": [
        null,
        null,
        null,
        null,
        null,
        null,
        1,
        1,
        1,
        1,
        1,
        0,
        null,
        null,
        null,
        1,
        1,
        1,
        0,
        null,
        null,
        null,
        null,
        1,
        1,
        0,
        null,
        null,
        null,
        null,
        1,
        1,
        0,
        null,
        null,
        null,
        null,
        1,
        1,
        0,
        null,
        null,
        null,
        null,
        1,
        1,
        0,
        null,
        null,
        null,
        null,
        1,
        1,
        0,
        null,
        null,
        null,
        null,
        1,
        1,
        0,
        null,
        null,
        null,
        null,
        1,
        1,
        0,
        null,
        null,
        null,
        null,
        1,
        1,
        0,
        null,
        null,
        null,
        null,
        null,
        null
      ],
      "/ruby_rabbitmq_janus/lib/rrj/errors/tools/gem/option.rb": [
        null,
        null,
        1,
        1,
        1,
        null,
        1,
        1,
        0,
        null,
        null,
        null,
        1,
        null,
        1,
        1,
        0,
        null,
        null,
        null,
        null,
        1,
        1,
        0,
        null,
        null,
        null,
        null,
        1,
        1,
        0,
        null,
        null,
        null,
        null,
        1,
        1,
        0,
        null,
        null,
        null,
        null,
        null,
        null
      ],
      "/ruby_rabbitmq_janus/lib/rrj/errors/tools/gem/request.rb": [
        null,
        null,
        1,
        1,
        1,
        null,
        1,
        1,
        0,
        null,
        null,
        null,
        1,
        null,
        1,
        1,
        0,
        null,
        null,
        null,
        null,
        null,
        null
      ],
      "/ruby_rabbitmq_janus/lib/rrj/errors/tools/replaces/replace.rb": [
        null,
        null,
        1,
        1,
        1,
        null,
        1,
        1,
        0,
        null,
        null,
        null,
        1,
        null,
        1,
        1,
        0,
        null,
        null,
        null,
        null,
        1,
        1,
        0,
        null,
        null,
        null,
        null,
        null,
        null
      ],
      "/ruby_rabbitmq_janus/lib/rrj/errors/tools/replaces/type.rb": [
        null,
        null,
        1,
        1,
        1,
        null,
        1,
        1,
        0,
        null,
        null,
        null,
        1,
        null,
        1,
        1,
        0,
        null,
        null,
        null,
        null,
        1,
        1,
        0,
        null,
        null,
        null,
        null,
        null,
        null
      ],
      "/ruby_rabbitmq_janus/lib/rrj/errors/rabbit/rabbit.rb": [
        null,
        null,
        1,
        1,
        null,
        1,
        1,
        0,
        null,
        null,
        null,
        null,
        null,
        1,
        1,
        1,
        null,
        1,
        1,
        1,
        null,
        1,
        1,
        1,
        1,
        1
      ],
      "/ruby_rabbitmq_janus/lib/rrj/errors/rabbit/base_event.rb": [
        null,
        null,
        null,
        null,
        1,
        1,
        1,
        null,
        1,
        1,
        0,
        null,
        null,
        null,
        1,
        null,
        1,
        1,
        0,
        null,
        null,
        null,
        null,
        null,
        null
      ],
      "/ruby_rabbitmq_janus/lib/rrj/errors/rabbit/connect.rb": [
        null,
        null,
        1,
        1,
        1,
        null,
        1,
        1,
        0,
        null,
        null,
        null,
        1,
        null,
        1,
        1,
        0,
        null,
        null,
        null,
        null,
        1,
        1,
        0,
        null,
        null,
        null,
        null,
        1,
        1,
        0,
        null,
        null,
        null,
        null,
        1,
        1,
        0,
        null,
        null,
        null,
        null,
        1,
        1,
        0,
        null,
        null,
        null,
        null,
        1,
        1,
        0,
        null,
        null,
        null,
        null,
        1,
        1,
        0,
        null,
        null,
        null,
        null,
        null,
        null
      ],
      "/ruby_rabbitmq_janus/lib/rrj/errors/rabbit/propertie.rb": [
        null,
        null,
        1,
        1,
        1,
        null,
        1,
        1,
        0,
        null,
        null,
        null,
        1,
        null,
        1,
        1,
        0,
        null,
        null,
        null,
        null,
        1,
        1,
        0,
        null,
        null,
        null,
        null,
        1,
        1,
        0,
        null,
        null,
        null,
        null,
        null,
        null
      ],
      "/ruby_rabbitmq_janus/lib/rrj/errors/rabbit/listener/base.rb": [
        null,
        null,
        1,
        1,
        1,
        1,
        null,
        1,
        1,
        0,
        null,
        null,
        null,
        1,
        null,
        1,
        1,
        0,
        null,
        null,
        null,
        null,
        1,
        1,
        0,
        null,
        null,
        null,
        null,
        1,
        1,
        0,
        null,
        null,
        null,
        null,
        1,
        1,
        0,
        null,
        null,
        null,
        null,
        null,
        null,
        null
      ],
      "/ruby_rabbitmq_janus/lib/rrj/errors/rabbit/listener/from.rb": [
        null,
        null,
        null,
        null,
        1,
        1,
        1,
        1,
        1,
        1,
        1,
        0,
        null,
        null,
        null,
        null,
        null,
        null,
        null
      ],
      "/ruby_rabbitmq_janus/lib/rrj/errors/rabbit/listener/from_admin.rb": [
        null,
        null,
        null,
        null,
        1,
        1,
        1,
        1,
        1,
        1,
        1,
        0,
        null,
        null,
        null,
        null,
        null,
        null,
        null
      ],
      "/ruby_rabbitmq_janus/lib/rrj/errors/rabbit/publisher/base.rb": [
        null,
        null,
        null,
        null,
        1,
        1,
        1,
        1,
        null,
        1,
        1,
        0,
        null,
        null,
        null,
        1,
        null,
        1,
        1,
        0,
        null,
        null,
        null,
        1,
        1,
        0,
        null,
        null,
        null,
        1,
        1,
        0,
        null,
        null,
        null,
        null,
        null,
        null,
        null
      ],
      "/ruby_rabbitmq_janus/lib/rrj/errors/rabbit/publisher/admin.rb": [
        null,
        null,
        1,
        1,
        1,
        1,
        null,
        1,
        1,
        0,
        null,
        null,
        null,
        1,
        null,
        1,
        1,
        0,
        null,
        null,
        null,
        null,
        1,
        1,
        0,
        null,
        null,
        null,
        null,
        null,
        null,
        null
      ],
      "/ruby_rabbitmq_janus/lib/rrj/errors/rabbit/publisher/exclusive.rb": [
        null,
        null,
        1,
        1,
        1,
        1,
        null,
        null,
        1,
        1,
        0,
        null,
        null,
        null,
        1,
        null,
        1,
        1,
        0,
        null,
        null,
        null,
        null,
        1,
        1,
        0,
        null,
        null,
        null,
        null,
        null,
        null,
        null
      ],
      "/ruby_rabbitmq_janus/lib/rrj/errors/rabbit/publisher/keepalive.rb": [
        null,
        null,
        null,
        null,
        1,
        1,
        1,
        1,
        1,
        1,
        1,
        0,
        null,
        null,
        null,
        null,
        null,
        null,
        null
      ],
      "/ruby_rabbitmq_janus/lib/rrj/errors/rabbit/publisher/non_exclusive.rb": [
        null,
        null,
        1,
        1,
        1,
        1,
        null,
        null,
        1,
        1,
        0,
        null,
        null,
        null,
        1,
        null,
        1,
        1,
        0,
        null,
        null,
        null,
        null,
        1,
        1,
        0,
        null,
        null,
        null,
        null,
        null,
        null,
        null
      ],
      "/ruby_rabbitmq_janus/lib/rrj/tools/gem/config/gem.rb": [
        null,
        null,
        null,
        null,
        1,
        1,
        null,
        null,
        null,
        null,
        null,
        1,
        null,
        1,
        2,
        null,
        null,
        null,
        1,
        3,
        null,
        null,
        null,
        1,
        3,
        null,
        null,
        null,
        1,
        2,
        2,
        null,
        null,
        null,
        1,
        2,
        null,
        null,
        null,
        null,
        1,
        2,
        null,
        null,
        null,
        null,
        1,
        4,
        null,
        null,
        null,
        1,
        6,
        null,
        null,
        null,
        1,
        5,
        null,
        null,
        null,
        1,
        2,
        null,
        null,
        null,
        1,
        2,
        null,
        null,
        1,
        1,
        1,
        null,
        null,
        null
      ],
      "/ruby_rabbitmq_janus/lib/rrj/tools/gem/config/rabbit.rb": [
        null,
        null,
        null,
        null,
        1,
        1,
        null,
        null,
        null,
        null,
        null,
        1,
        null,
        1,
        2,
        null,
        null,
        null,
        1,
        2,
        null,
        null,
        null,
        1,
        195,
        1170,
        1170,
        null,
        1170,
        null,
        1170,
        null,
        null,
        null,
        1,
        null,
        1,
        1170,
        null,
        null,
        null,
        null
      ],
      "/ruby_rabbitmq_janus/lib/rrj/tools/gem/config/queues.rb": [
        null,
        null,
        1,
        1,
        null,
        null,
        null,
        null,
        null,
        1,
        null,
        1,
        12,
        null,
        null,
        null,
        1,
        3,
        null,
        null,
        null,
        1,
        2,
        null,
        null,
        null,
        1,
        3,
        null,
        null,
        null,
        null
      ],
      "/ruby_rabbitmq_janus/lib/rrj/tools/gem/config/janus.rb": [
        null,
        null,
        1,
        1,
        null,
        null,
        null,
        null,
        null,
        1,
        null,
        null,
        1,
        4,
        null,
        null,
        null,
        null,
        null,
        1,
        135,
        null,
        null,
        1,
        null,
        null,
        null
      ],
      "/ruby_rabbitmq_janus/lib/rrj/models/concerns/instances.rb": [
        null,
        null,
        null,
        null,
        1,
        1,
        null,
        1,
        1,
        null,
        null,
        1,
        null,
        1,
        0,
        null,
        null,
        null,
        1,
        0,
        null,
        null,
        null,
        1,
        1,
        null,
        null,
        null,
        1,
        0,
        null,
        null,
        null,
        1,
        2,
        null,
        null,
        null,
        1,
        0,
        null,
        null,
        null,
        null,
        null
      ],
      "/ruby_rabbitmq_janus/lib/rrj/models/concerns/validations.rb": [
        null,
        null,
        1,
        1,
        null,
        1,
        1,
        null,
        1,
        null,
        1,
        null,
        null,
        null,
        null
      ],
      "/ruby_rabbitmq_janus/lib/rrj/models/mongoid.rb": [
        null,
        null,
        1,
        1,
        null,
        null,
        null,
        1,
        1,
        1,
        1,
        null,
        1,
        1,
        1,
        null,
        1,
        null,
        null,
        null
      ],
      "/ruby_rabbitmq_janus/lib/rrj/admin.rb": [
        null,
        null,
        null,
        null,
        1,
        null,
        null,
        null,
        null,
        null,
        null,
        null,
        null,
        null,
        null,
        null,
        null,
        1,
        null,
        null,
        null,
        null,
        null,
        null,
        null,
        null,
        null,
        null,
        null,
        null,
        null,
        null,
        null,
        null,
        null,
        null,
        null,
        1,
        85,
        170,
        null,
        null,
        null
      ],
      "/ruby_rabbitmq_janus/lib/rrj/task.rb": [
        null,
        null,
        null,
        null,
        1,
        null,
        null,
        null,
        null,
        null,
        1,
        1,
        0,
        0,
        null,
        null,
        null,
        null,
        null,
        null,
        null,
        null,
        null,
        null,
        null,
        null,
        null,
        null,
        null,
        null,
        null,
        null,
        null,
        1,
        0,
        null,
        0,
        null,
        null,
        null,
        1,
        null,
        null,
        null,
        null,
        1,
        null,
        null,
        null,
        null,
        null,
        null,
        null,
        null,
        null,
        null,
        null,
        null,
        null,
        null,
        null,
        null,
        null,
        null,
        null,
        null,
        null,
        null,
        null,
        null,
        null,
        null,
        null,
        1,
        0,
        0,
        0,
        null,
        null,
        null,
        0,
        null,
        null,
        1,
        null,
        1,
        0,
        null,
        null,
        null
      ],
      "/ruby_rabbitmq_janus/lib/rrj/task_admin.rb": [
        null,
        null,
        null,
        null,
        1,
        null,
        null,
        null,
        null,
        null,
        1,
        null,
        null,
        null,
        null,
        null,
        null,
        null,
        null,
        null,
        null,
        null,
        null,
        null,
        null,
        null,
        null,
        null,
        null,
        null,
        null,
        null,
        null,
        null,
        null,
        1,
        0,
        0,
        null,
        null,
        null
      ],
      "/ruby_rabbitmq_janus/lib/rrj/rspec.rb": [
        null,
        null,
        1,
        null,
        null,
        null,
        1,
        null,
        null,
        null,
        1,
        1,
        0,
        null,
        null,
        1,
        0,
        null,
        null,
        1,
        0,
        0,
        0,
        null,
        null,
        1,
        0,
        null,
        null,
        1,
        1,
        null,
        null
      ],
      "/ruby_rabbitmq_janus/lib/rrj/tools/tools.rb": [
        null,
        null,
        1,
        1,
        1,
        1,
        1,
        1,
        null,
        1,
        null,
        1,
        null,
        null
      ],
      "/ruby_rabbitmq_janus/lib/rrj/tools/gem/requests.rb": [
        null,
        null,
        1,
        1,
        null,
        null,
        null,
        null,
        null,
        null,
        null,
        null,
        null,
        null,
        1,
        1,
        null,
        1,
        null,
        null,
        1,
        null,
        null,
        1,
        1,
        1,
        5,
        null,
        null,
        1,
        null,
        1,
        4,
        32,
        32,
        0,
        0,
        null,
        null,
        null,
        null,
        1,
        0,
        null,
        null,
        1,
        32,
        null,
        null,
        1,
        4,
        0,
        4,
        4,
        null,
        null,
        null,
        null,
        null
      ],
      "/ruby_rabbitmq_janus/lib/rrj/tools/gem/cluster.rb": [
        null,
        null,
        1,
        1,
        null,
        null,
        null,
        1,
        1,
        null,
        null,
        1,
        1,
        null,
        null,
        null,
        1,
        138,
        null,
        null,
        null,
        null,
        1,
        91,
        null,
        null,
        null,
        null,
        null
      ],
      "/ruby_rabbitmq_janus/lib/rrj/tools/gem/option.rb": [
        null,
        null,
        null,
        null,
        null,
        1,
        1,
        null,
        null,
        null,
        null,
        null,
        null,
        1,
        1,
        187,
        187,
        null,
        null,
        null,
        null,
        null,
        null,
        null,
        null,
        null,
        1,
        102,
        54,
        null,
        48,
        null,
        null,
        null,
        null,
        null,
        null,
        null,
        null,
        null,
        null,
        1,
        32,
        null,
        null,
        null,
        null
      ],
      "/ruby_rabbitmq_janus/lib/rrj/tools/replaces/type.rb": [
        null,
        null,
        1,
        null,
        null,
        null,
        null,
        1,
        1,
        null,
        null,
        1,
        null,
        null,
        null,
        1,
        344,
        344,
        null,
        null,
        null,
        null,
        null,
        null,
        null,
        null,
        1,
        956,
        956,
        956,
        null,
        null,
        1,
        null,
        1,
        956,
        90,
        326,
        39,
        52,
        12,
        308,
        129,
        null,
        null,
        null,
        1,
        956,
        956,
        52,
        512,
        null,
        512,
        null,
        null,
        956,
        null,
        null,
        1,
        308,
        null,
        null,
        1,
        90,
        null,
        null,
        1,
        326,
        null,
        null,
        1,
        39,
        30,
        9,
        9,
        null,
        null,
        null,
        1,
        129,
        129,
        null,
        null,
        1,
        52,
        52,
        52,
        null,
        null,
        1,
        12,
        null,
        null,
        1,
        48,
        13,
        null,
        null,
        1,
        52,
        48,
        null,
        4,
        null,
        null,
        null,
        null,
        null
      ],
      "/ruby_rabbitmq_janus/lib/rrj/tools/replaces/replace.rb": [
        null,
        null,
        null,
        null,
        1,
        1,
        null,
        1,
        null,
        null,
        null,
        null,
        null,
        null,
        1,
        null,
        null,
        null,
        null,
        1,
        305,
        305,
        305,
        null,
        null,
        null,
        null,
        null,
        null,
        1,
        305,
        305,
        301,
        301,
        null,
        305,
        null,
        null,
        1,
        null,
        1,
        null,
        1,
        602,
        null,
        null,
        null,
        1,
        0,
        0,
        null,
        null,
        1,
        0,
        0,
        null,
        null,
        1,
        0,
        null,
        0,
        null,
        null,
        null,
        null,
        1,
        0,
        null,
        null,
        1,
        0,
        0,
        0,
        null,
        0,
        null,
        null,
        null,
        null,
        1,
        0,
        null,
        null,
        1,
        305,
        null,
        null,
        1,
        305,
        null,
        null,
        null,
        null,
        null,
        null,
        1,
        1,
        1
      ],
      "/ruby_rabbitmq_janus/lib/rrj/tools/replaces/session.rb": [
        null,
        null,
        1,
        1,
        1,
        null,
        null,
        null,
        null,
        null,
        1,
        1,
        null,
        1,
        280,
        280,
        280,
        null,
        null,
        1,
        172,
        null,
        null,
        1,
        123,
        null,
        null,
        null,
        null,
        null
      ],
      "/ruby_rabbitmq_janus/lib/rrj/tools/replaces/handle.rb": [
        null,
        null,
        1,
        1,
        1,
        null,
        null,
        null,
        null,
        1,
        1,
        null,
        1,
        261,
        261,
        261,
        44,
        261,
        null,
        null,
        1,
        81,
        null,
        null,
        1,
        44,
        44,
        44,
        null,
        null,
        1,
        52,
        null,
        null,
        1,
        44,
        2,
        null,
        42,
        null,
        null,
        null,
        1,
        44,
        44,
        44,
        0,
        44,
        0,
        null,
        null,
        null,
        null,
        null,
        null
      ],
      "/ruby_rabbitmq_janus/lib/rrj/tools/replaces/admin.rb": [
        null,
        null,
        1,
        1,
        1,
        null,
        null,
        null,
        null,
        1,
        1,
        null,
        1,
        null,
        null,
        null,
        null,
        null,
        null,
        null,
        null,
        null,
        null,
        null,
        null,
        1,
        108,
        108,
        108,
        null,
        null,
        1,
        21,
        21,
        null,
        null,
        1,
        106,
        106,
        1272,
        null,
        null,
        null,
        1,
        140,
        null,
        null,
        1,
        106,
        null,
        null,
        1,
        106,
        null,
        null,
        null,
        null,
        null
      ],
      "/ruby_rabbitmq_janus/lib/rrj/rabbit/rabbit.rb": [
        null,
        null,
        1,
        1,
        1,
        null,
        1,
        null,
        1,
        null,
        null
      ],
      "/ruby_rabbitmq_janus/lib/rrj/rabbit/connect.rb": [
        null,
        null,
        1,
        null,
        1,
        1,
        null,
        null,
        null,
        1,
        null,
        1,
        193,
        null,
        null,
        null,
        1,
        187,
        null,
        374,
        150,
        150,
        null,
        null,
        null,
        1,
        187,
        null,
        187,
        187,
        187,
        null,
        null,
        null,
        null,
        1,
        188,
        null,
        null,
        null,
        1,
        152,
        null,
        null,
        null,
        1,
        217,
        null,
        null,
        1,
        null,
        1,
        193,
        null,
        null,
        null,
        null
      ],
      "/ruby_rabbitmq_janus/lib/rrj/rabbit/base_event.rb": [
        null,
        null,
        1,
        null,
        1,
        1,
        null,
        null,
        null,
        null,
        null,
        null,
        null,
        null,
        null,
        null,
        null,
        1,
        1,
        null,
        null,
        1,
        218,
        218,
        218,
        null,
        null,
        1,
        null,
        1,
        null,
        1,
        207,
        207,
        207,
        207,
        null,
        207,
        null,
        null,
        null,
        null,
        null,
        1,
        1
      ],
      "/ruby_rabbitmq_janus/lib/rrj/rabbit/publisher/base.rb": [
        null,
        null,
        null,
        null,
        1,
        1,
        1,
        null,
        null,
        null,
        1,
        null,
        null,
        null,
        null,
        1,
        217,
        217,
        217,
        null,
        null,
        null,
        null,
        null,
        null,
        null,
        null,
        1,
        132,
        132,
        null,
        null,
        null,
        1,
        null,
        1,
        207,
        207,
        207,
        null,
        null,
        null,
        null,
        1,
        207,
        null,
        null,
        1,
        207,
        null,
        null,
        1,
        null,
        207,
        null,
        207,
        null,
        null,
        1,
        207,
        207,
        null,
        207,
        null,
        null,
        1,
        1,
        null,
        null,
        null,
        null,
        null,
        1,
        1,
        1,
        1
      ],
      "/ruby_rabbitmq_janus/lib/rrj/rabbit/publisher/exclusive.rb": [
        null,
        null,
        1,
        1,
        1,
        null,
        null,
        null,
        null,
        null,
        null,
        1,
        null,
        null,
        null,
        null,
        1,
        122,
        122,
        122,
        null,
        null,
        null,
        null,
        null,
        null,
        null,
        null,
        1,
        122,
        122,
        null,
        null,
        1,
        null,
        1,
        null,
        null,
        null,
        null
      ],
      "/ruby_rabbitmq_janus/lib/rrj/rabbit/publisher/admin.rb": [
        null,
        null,
        1,
        1,
        1,
        null,
        null,
        null,
        null,
        1,
        null,
        null,
        null,
        1,
        85,
        null,
        85,
        85,
        null,
        null,
        null,
        null,
        null,
        null,
        null,
        null,
        null,
        1,
        85,
        85,
        null,
        85,
        null,
        null,
        null,
        null,
        null
      ],
      "/ruby_rabbitmq_janus/lib/rrj/rabbit/publisher/keepalive.rb": [
        null,
        null,
        1,
        1,
        1,
        null,
        null,
        null,
        null,
        null,
        null,
        null,
        1,
        1,
        0,
        0,
        0,
        null,
        null,
        1,
        0,
        0,
        null,
        null,
        1,
        null,
        1,
        null,
        null,
        null,
        null
      ],
      "/ruby_rabbitmq_janus/lib/rrj/rabbit/publisher/non_exclusive.rb": [
        null,
        null,
        1,
        1,
        1,
        null,
        null,
        null,
        null,
        1,
        null,
        1,
        10,
        10,
        null,
        null,
        null,
        null,
        null,
        1,
        10,
        null,
        null,
        null,
        null,
        null
      ],
      "/ruby_rabbitmq_janus/lib/rrj/rabbit/listener/base.rb": [
        null,
        null,
        null,
        null,
        1,
        1,
        1,
        null,
        1,
        null,
        null,
        null,
        1,
        0,
        0,
        0,
        null,
        null,
        null,
        1,
        0,
        0,
        0,
        0,
        0,
        null,
        0,
        null,
        null,
        1,
        null,
        1,
        null,
        1,
        0,
        null,
        null,
        1,
        0,
        null,
        null,
        1,
        0,
        0,
        0,
        null,
        null,
        1,
        null,
        0,
        0,
        0,
        null,
        null,
        null,
        null,
        null,
        null,
        1,
        1
      ],
      "/ruby_rabbitmq_janus/lib/rrj/rabbit/listener/from.rb": [
        null,
        null,
        1,
        1,
        1,
        null,
        null,
        null,
        null,
        null,
        1,
        1,
        null,
        1,
        0,
        null,
        null,
        1,
        0,
        0,
        0,
        0,
        null,
        null,
        null,
        1,
        0,
        0,
        0,
        null,
        0,
        0,
        null,
        null,
        null,
        null,
        null
      ],
      "/ruby_rabbitmq_janus/lib/rrj/rabbit/listener/from_admin.rb": [
        null,
        null,
        1,
        1,
        1,
        null,
        null,
        null,
        null,
        null,
        1,
        1,
        null,
        1,
        0,
        null,
        null,
        1,
        0,
        0,
        0,
        0,
        null,
        null,
        null,
        1,
        0,
        0,
        0,
        null,
        0,
        0,
        null,
        null,
        null,
        null,
        null
      ],
      "/ruby_rabbitmq_janus/lib/rrj/rabbit/propertie.rb": [
        null,
        null,
        1,
        1,
        null,
        null,
        null,
        null,
        null,
        null,
        1,
        1,
        null,
        null,
        1,
        229,
        229,
        229,
        null,
        null,
        null,
        1,
        136,
        null,
        null,
        null,
        1,
        89,
        null,
        null,
        1,
        null,
        1,
        0,
        null,
        0,
        0,
        null,
        0,
        null,
        null,
        null,
        1,
        225,
        null,
        null,
        1,
        136,
        null,
        null,
        1,
        89,
        null,
        null,
        null,
        null
      ],
      "/ruby_rabbitmq_janus/lib/rrj/janus/janus.rb": [
        null,
        null,
        1,
        1,
        null,
        1,
        1,
        1,
        1,
        1,
        1
      ],
      "/ruby_rabbitmq_janus/lib/rrj/janus/messages/message.rb": [
        null,
        null,
        1,
        1,
        null,
        1,
        null,
        null,
        null,
        null,
        null,
        null,
        null,
        null,
        null,
        null,
        null,
        null,
        null,
        null,
        1,
        1,
        null,
        null,
        null,
        null,
        null,
        null,
        null,
        null,
        null,
        null,
        null,
        null,
        null,
        null,
        null,
        null,
        null,
        null,
        null,
        null,
        null,
        1,
        225,
        225,
        225,
        225,
        225,
        null,
        null,
        null,
        null,
        null,
        1,
        668,
        null,
        null,
        null,
        null,
        null,
        1,
        1,
        null,
        null,
        null,
        null,
        null,
        1,
        2,
        null,
        null,
        null,
        null,
        null,
        1,
        208,
        null,
        null,
        1,
        null,
        1,
        null,
        1,
        225,
        225,
        null,
        null,
        1,
        225,
        null,
        null,
        1,
        225,
        null,
        null,
        1,
        0,
        0,
        null,
        0,
        null,
        null,
        null,
        null,
        null,
        null,
        null,
        1,
        1
      ],
      "/ruby_rabbitmq_janus/lib/rrj/janus/messages/standard.rb": [
        null,
        null,
        1,
        1,
        1,
        null,
        null,
        null,
        1,
        1,
        134,
        null,
        null,
        null,
        1,
        134,
        null,
        null,
        1,
        null,
        1,
        134,
        null,
        134,
        null,
        null,
        null,
        null,
        null
      ],
      "/ruby_rabbitmq_janus/lib/rrj/janus/messages/admin.rb": [
        null,
        null,
        1,
        1,
        1,
        null,
        null,
        null,
        1,
        1,
        87,
        null,
        null,
        null,
        1,
        87,
        null,
        null,
        1,
        null,
        1,
        87,
        null,
        87,
        null,
        null,
        null,
        null,
        null
      ],
      "/ruby_rabbitmq_janus/lib/rrj/janus/transactions/transaction.rb": [
        null,
        null,
        1,
        1,
        null,
        1,
        null,
        null,
        null,
        null,
        null,
        1,
        null,
        null,
        null,
        null,
        1,
        187,
        187,
        187,
        null,
        null,
        1,
        null,
        1,
        null,
        null,
        1,
        102,
        102,
        92,
        null,
        92,
        null,
        10,
        null,
        10,
        null,
        null,
        null,
        1,
        0,
        0,
        0,
        null,
        null,
        1,
        187,
        null,
        null,
        null,
        null,
        null,
        null,
        1,
        1,
        1,
        1
      ],
      "/ruby_rabbitmq_janus/lib/rrj/janus/transactions/session.rb": [
        null,
        null,
        1,
        1,
        1,
        null,
        null,
        null,
        null,
        null,
        1,
        null,
        null,
        null,
        null,
        1,
        155,
        155,
        null,
        null,
        null,
        null,
        null,
        1,
        70,
        70,
        70,
        null,
        null,
        null,
        1,
        70,
        70,
        70,
        null,
        null,
        1,
        null,
        1,
        70,
        null,
        null,
        null,
        null,
        null
      ],
      "/ruby_rabbitmq_janus/lib/rrj/janus/transactions/handle.rb": [
        null,
        null,
        null,
        null,
        1,
        1,
        1,
        null,
        null,
        null,
        1,
        null,
        null,
        null,
        null,
        1,
        32,
        32,
        32,
        32,
        null,
        null,
        null,
        null,
        null,
        null,
        null,
        null,
        1,
        32,
        32,
        32,
        32,
        null,
        32,
        null,
        null,
        null,
        null,
        null,
        null,
        null,
        null,
        1,
        32,
        32,
        32,
        null,
        null,
        null,
        1,
        0,
        0,
        0,
        null,
        null,
        null,
        null,
        null,
        1,
        0,
        0,
        null,
        null,
        1,
        null,
        1,
        30,
        30,
        60,
        null,
        null,
        1,
        30,
        30,
        null,
        null,
        null,
        1,
        30,
        30,
        30,
        null,
        null,
        1,
        32,
        null,
        null,
        null,
        null,
        null
      ],
      "/ruby_rabbitmq_janus/lib/rrj/janus/transactions/admin.rb": [
        null,
        null,
        null,
        null,
        1,
        1,
        1,
        null,
        null,
        null,
        1,
        1,
        85,
        null,
        null,
        null,
        1,
        85,
        85,
        85,
        null,
        null,
        null,
        null,
        1,
        85,
        85,
        85,
        null,
        null,
        1,
        null,
        1,
        0,
        null,
        null,
        1,
        85,
        null,
        null,
        1,
        0,
        null,
        null,
        1,
        85,
        null,
        null,
        null,
        null,
        null
      ],
      "/ruby_rabbitmq_janus/lib/rrj/janus/transactions/rspec.rb": [
        null,
        null,
        1,
        1,
        1,
        null,
        1,
        1,
        null,
        null,
        1,
        0,
        null,
        null,
        null,
        1,
        null,
        null,
        1,
        null,
        null,
        1,
        null,
        null,
        1,
        0,
        null,
        null,
        null,
        null,
        null
      ],
      "/ruby_rabbitmq_janus/lib/rrj/janus/responses/response.rb": [
        null,
        null,
        1,
        1,
        null,
        1,
        null,
        null,
        null,
        null,
        null,
        null,
        1,
        null,
        null,
        null,
        null,
        null,
        1,
        272,
        null,
        272,
        235,
        null,
        null,
        null,
        null,
        null,
        1,
        51,
        null,
        null,
        null,
        null,
        null,
        1,
        0,
        null,
        null,
        null,
        null,
        null,
        1,
        1,
        null,
        null,
        null,
        null,
        null,
        1,
        75,
        null,
        null,
        null,
        null,
        null,
        1,
        38,
        null,
        null,
        null,
        1,
        5,
        null,
        null,
        1,
        null,
        1,
        204,
        null,
        null,
        1,
        272,
        null,
        null,
        1,
        0,
        0,
        null,
        null,
        1,
        235,
        null,
        null,
        1,
        37,
        37,
        null,
        null,
        1,
        null,
        null,
        null,
        null,
        null,
        1,
        1,
        1,
        1,
        1
      ],
      "/ruby_rabbitmq_janus/lib/rrj/janus/responses/error.rb": [
        null,
        null,
        null,
        null,
        1,
        1,
        1,
        null,
        null,
        null,
        null,
        null,
        1,
        null,
        1,
        0,
        null,
        null,
        null,
        null,
        1,
        0,
        null,
        null,
        null,
        1,
        0,
        null,
        null,
        null,
        1,
        0,
        null,
        null,
        null,
        1,
        0,
        null,
        null,
        null,
        1,
        0,
        null,
        null,
        null,
        1,
        0,
        null,
        null,
        null,
        1,
        3,
        null,
        null,
        null,
        1,
        13,
        null,
        null,
        null,
        1,
        0,
        null,
        null,
        null,
        1,
        0,
        null,
        null,
        null,
        1,
        0,
        null,
        null,
        null,
        null,
        1,
        0,
        null,
        null,
        null,
        1,
        0,
        null,
        null,
        null,
        null,
        1,
        0,
        null,
        null,
        null,
        1,
        0,
        null,
        null,
        null,
        1,
        4,
        null,
        null,
        null,
        1,
        0,
        null,
        null,
        null,
        null,
        1,
        5,
        null,
        null,
        null,
        1,
        0,
        null,
        null,
        null,
        1,
        2,
        null,
        null,
        null,
        1,
        2,
        null,
        null,
        null,
        null,
        1,
        0,
        null,
        null,
        null,
        1,
        0,
        null,
        null,
        null,
        1,
        8,
        null,
        null,
        1,
        null,
        null,
        1,
        0,
        null,
        null,
        null,
        1,
        0,
        null,
        null,
        null,
        null,
        null,
        null
      ],
      "/ruby_rabbitmq_janus/lib/rrj/janus/responses/standard.rb": [
        null,
        null,
        null,
        null,
        1,
        1,
        null,
        1,
        null,
        1,
        null,
        1,
        39,
        null,
        null,
        38,
        null,
        37,
        null,
        null,
        1,
        33,
        null,
        null,
        32,
        null,
        31,
        null,
        null,
        null,
        1,
        null,
        2,
        null,
        1,
        null,
        null,
        null,
        1,
        null,
        3,
        null,
        2,
        null,
        null,
        null,
        1,
        null,
        3,
        null,
        null,
        2,
        null,
        1,
        null,
        null,
        null,
        1,
        70,
        null,
        69,
        null,
        null,
        null,
        1,
        null,
        3,
        null,
        null,
        2,
        null,
        1,
        null,
        null,
        1,
        null,
        1,
        3,
        142,
        null,
        null,
        1,
        3,
        null,
        null,
        1,
        68,
        null,
        null,
        null,
        null,
        null,
        null
      ],
      "/ruby_rabbitmq_janus/lib/rrj/janus/responses/admin.rb": [
        null,
        null,
        1,
        1,
        1,
        null,
        null,
        null,
        1,
        null,
        null,
        null,
        1,
        3,
        null,
        null,
        null,
        null,
        null,
        1,
        2,
        null,
        null,
        null,
        null,
        null,
        1,
        3,
        null,
        null,
        1,
        3,
        null,
        null,
        1,
        3,
        null,
        null,
        1,
        3,
        null,
        null,
        1,
        10,
        null,
        null,
        1,
        3,
        null,
        null,
        1,
        4,
        null,
        null,
        1,
        4,
        null,
        null,
        1,
        4,
        null,
        null,
        1,
        null,
        1,
        42,
        null,
        31,
        null,
        null,
        1,
        11,
        null,
        null,
        null,
        null,
        null,
        null
      ],
      "/ruby_rabbitmq_janus/lib/rrj/janus/responses/event.rb": [
        null,
        null,
        1,
        1,
        null,
        1,
        null,
        1,
        null,
        null,
        null,
        null,
        null,
        null,
        1,
        null,
        2,
        null,
        1,
        null,
        null,
        null,
        null,
        null,
        null,
        null,
        null,
        1,
        null,
        2,
        null,
        1,
        null,
        null,
        null,
        null,
        null,
        null,
        null,
        null,
        1,
        null,
        2,
        null,
        1,
        null,
        null,
        null,
        null,
        null,
        null,
        null,
        null,
        1,
        null,
        3,
        null,
        1,
        null,
        null,
        1,
        null,
        1,
        2,
        null,
        null,
        null,
        null,
        null
      ],
      "/ruby_rabbitmq_janus/lib/rrj/janus/responses/rspec.rb": [
        null,
        null,
        null,
        null,
        1,
        1,
        1,
        null,
        1,
        1,
        0,
        0,
        null,
        null,
        null,
        null,
        null,
        1,
        0,
        null,
        null,
        null,
        1,
        0,
        null,
        null,
        null,
        1,
        0,
        null,
        null,
        null,
        1,
        0,
        null,
        null,
        null,
        1,
        0,
        null,
        null,
        null,
        1,
        0,
        null,
        null,
        null,
        1,
        0,
        null,
        null,
        null,
        1,
        0,
        null,
        null,
        null,
        1,
        0,
        null,
        null,
        null,
        1,
        0,
        null,
        null,
        null,
        null,
        null,
        1,
        0,
        null,
        null,
        1,
        1,
        1,
        1,
        1,
        null,
        null,
        null,
        null
      ],
      "/ruby_rabbitmq_janus/lib/rrj/process/concurrency.rb": [
        null,
        null,
        1,
        1,
        null,
        1,
        null,
        null,
        null,
        null,
        null,
        null,
        null,
        1,
        null,
        1,
        3,
        3,
        3,
        3,
        null,
        null,
        1,
        null,
        1,
        0,
        null,
        0,
        0,
        null,
        null,
        1,
        3,
        null,
        null,
        1,
        null,
        null,
        null,
        null,
        null,
        1,
        1
      ],
      "/ruby_rabbitmq_janus/lib/rrj/process/event.rb": [
        null,
        null,
        1,
        1,
        1,
        null,
        null,
        null,
        null,
        null,
        null,
        null,
        null,
        1,
        1,
        null,
        1,
        0,
        0,
        null,
        null,
        null,
        null,
        null,
        null,
        null,
        null,
        null,
        1,
        0,
        0,
        0,
        0,
        null,
        null,
        null,
        null,
        1,
        null,
        1,
        0,
        0,
        null,
        null,
        null,
        null,
        null
      ],
      "/ruby_rabbitmq_janus/lib/rrj/process/event_admin.rb": [
        null,
        null,
        1,
        1,
        1,
        null,
        null,
        null,
        null,
        null,
        null,
        null,
        null,
        1,
        1,
        null,
        1,
        0,
        0,
        null,
        null,
        null,
        null,
        null,
        null,
        null,
        null,
        null,
        1,
        0,
        0,
        0,
        0,
        null,
        null,
        null,
        null,
        1,
        null,
        1,
        0,
        0,
        null,
        null,
        null,
        null,
        null
      ],
      "/ruby_rabbitmq_janus/lib/rrj/railtie.rb": [
        null,
        null,
        1,
        null,
        null,
        null,
        1,
        1,
        null,
        1,
        0,
        0,
        null,
        null,
        null
      ],
      "/ruby_rabbitmq_janus/spec/config/initializer.rb": [
        null,
        null,
        null,
        1,
        1,
        0,
        0,
        0,
        null,
        null,
        null,
        null,
        null,
        null,
        null,
        null
      ],
      "/ruby_rabbitmq_janus/spec/config/database.rb": [
        null,
        null,
        null,
        null,
        1,
        null,
        0,
        null,
        null,
        0,
        0,
        null,
        null,
        null,
        1,
        0,
        0,
        0,
        0,
        null,
        null,
        null,
        null,
        1,
        1,
        null,
        null,
        null,
        1,
        219,
        null,
        null
      ],
      "/ruby_rabbitmq_janus/spec/config/instance.rb": [
        null,
        null,
        null,
        null,
        null,
        null,
        null,
        null,
        null,
        null,
        null,
        null,
        null,
        null,
        null,
        null,
        null,
        null,
        null,
        null,
        null,
        null,
        null,
        null,
        null,
        null,
        null,
        null,
        null
      ],
      "/ruby_rabbitmq_janus/spec/support/helper/base.rb": [
        null,
        null,
        null,
        null,
        null,
        null,
        1,
        0,
        0,
        0,
        null,
        0,
        null,
        null,
        null,
        null,
        null,
        null,
        null,
        null,
        null,
        null,
        1,
        0,
        0,
        0,
        null,
        0,
        null,
        null,
        1,
        0,
        0,
        null
      ],
      "/ruby_rabbitmq_janus/spec/support/helper/admin.rb": [
        null,
        null,
        null,
        null,
        null,
        null,
        1,
        0,
        0,
        0,
        null,
        null,
        1,
        0,
        0,
        null,
        0,
        0,
        null,
        null,
        null,
        1,
        0,
        0,
        0,
        0,
        null,
        null,
        null,
        1,
        0,
        null,
        0,
        0,
        null,
        null,
        null,
        1,
        0,
        null,
        0,
        0,
        null,
        null
      ],
      "/ruby_rabbitmq_janus/spec/support/sdp.rb": [
        null,
        null,
        null,
        null,
        1,
        null,
        null,
        null,
        null,
        null,
        null,
        null,
        null,
        null,
        null,
        null,
        null,
        null,
        null,
        null,
        null,
        null,
        null,
        null,
        null,
        null,
        null,
        null,
        null,
        null,
        null,
        null,
        null,
        null,
        null,
        null,
        null,
        null,
        null,
        null,
        null,
        null,
        null,
        null,
        null,
        null,
        null,
        null,
        null,
        null,
        null,
        null,
        null,
        null,
        null,
        null,
        null,
        null,
        null,
        null,
        null,
        null,
        null,
        null,
        null,
        null,
        null,
        null,
        null,
        null,
        null,
        null,
        null,
        null,
        null,
        null,
        null,
        null,
        null,
        null,
        null,
        null,
        null,
        null,
        null,
        null,
        null,
        null,
        null,
        null,
        null,
        null,
        null,
        null,
        1,
        null,
        null,
        null,
        null,
        null,
        null,
        null,
        null,
        null,
        null,
        null,
        null,
        null,
        null,
        null,
        null,
        null,
        null,
        null,
        null,
        null,
        null,
        null,
        null,
        null,
        null,
        null,
        null,
        null,
        null,
        null,
        null,
        null,
        null,
        null,
        null,
        null,
        null,
        null,
        null,
        null,
        null,
        null
      ],
      "/ruby_rabbitmq_janus/spec/support/examples_config.rb": [
        null,
        null,
        null,
        null,
        1,
        18,
        18,
        null,
        null,
        1,
        26,
        26,
        null,
        null,
        26,
        26,
        null,
        null
      ],
      "/ruby_rabbitmq_janus/spec/support/initialize_janus_instance.rb": [
        null,
        null,
        null,
        null,
        null,
        null,
        1,
        114,
        114,
        null,
        114,
        null,
        null,
        null,
        null,
        null,
        null,
        1,
        8,
        8,
        null,
        8,
        null,
        null,
        null,
        null,
        1,
        36,
        null,
        36,
        36,
        null,
        null,
        36,
        null,
        36,
        36,
        null,
        null,
        1,
        30,
        null,
        30,
        30,
        null,
        null,
        30,
        null,
        null,
        1,
        2,
        2,
        null,
        null,
        null,
        1,
        3,
        3,
        null,
        null,
        null,
        1,
        2,
        null,
        2,
        2,
        null,
        null,
        null,
        1,
        4,
        null,
        null,
        null,
        null,
        null,
        4,
        4,
        null,
        null
      ],
      "/ruby_rabbitmq_janus/spec/support/examples_base.rb": [
        null,
        null,
        1,
        196,
        196,
        196,
        null,
        null,
        null,
        null,
        null,
        1,
        24,
        24,
        null,
        24,
        24,
        null,
        null,
        10,
        null,
        null,
        null,
        1,
        10,
        10,
        null,
        20,
        null,
        null,
        1,
        7,
        7,
        null,
        21,
        null,
        null,
        null,
        null,
        null,
        1,
        10,
        10,
        null,
        10,
        10,
        null,
        null,
        10,
        null,
        null,
        null,
        1,
        10,
        10,
        null,
        20,
        null,
        null,
        1,
        7,
        7,
        null,
        21,
        null
      ],
      "/ruby_rabbitmq_janus/spec/support/examples_message.rb": [
        null,
        null,
        null,
        null,
        1,
        10,
        null,
        null,
        1,
        2,
        2,
        null,
        null
      ],
      "/ruby_rabbitmq_janus/spec/support/type.rb": [
        null,
        null,
        null,
        null,
        1,
        54,
        38,
        null,
        36,
        36,
        null,
        null,
        1,
        2,
        2,
        2,
        null,
        null,
        1,
        4,
        null,
        8,
        null,
        null,
        1,
        1,
        null,
        2,
        2,
        null,
        null,
        1,
        42,
        28,
        null,
        14,
        null,
        28,
        28,
        null,
        null,
        1,
        78,
        null,
        26,
        null,
        26,
        26,
        null,
        null,
        26,
        26,
        null,
        null,
        26,
        26,
        null,
        null,
        null,
        1,
        40,
        80,
        6,
        null,
        74,
        null,
        null,
        null
      ],
      "/ruby_rabbitmq_janus/spec/support/examples_admin.rb": [
        null,
        null,
        null,
        null,
        null,
        null,
        1,
        52,
        76,
        null,
        76,
        76,
        null,
        null,
        53,
        null,
        null,
        null,
        1,
        23,
        23,
        null,
        69,
        null,
        null,
        1,
        29,
        29,
        null,
        58,
        null,
        null,
        1,
        20,
        null,
        40,
        null,
        null,
        1,
        4,
        null,
        8,
        null
      ],
      "/ruby_rabbitmq_janus/spec/ruby_rabbitmq_janus/janus/messages/admin_spec.rb": [
        null,
        null,
        1,
        null,
        1,
        null,
        null,
        3,
        3,
        null,
        1,
        3,
        null,
        1,
        1,
        null,
        null
      ],
      "/ruby_rabbitmq_janus/spec/ruby_rabbitmq_janus/janus/messages/message_spec.rb": [
        null,
        null,
        1,
        null,
        1,
        null,
        5,
        null,
        5,
        5,
        null,
        1,
        2,
        null,
        1,
        null,
        null,
        1,
        2,
        null,
        1,
        null,
        null,
        1,
        2,
        null,
        1,
        null,
        null,
        1,
        2,
        null,
        null
      ],
      "/ruby_rabbitmq_janus/spec/ruby_rabbitmq_janus/janus/messages/standard_spec.rb": [
        null,
        null,
        1,
        null,
        1,
        null,
        3,
        3,
        null,
        1,
        3,
        null,
        1,
        1,
        null,
        null
      ],
      "/ruby_rabbitmq_janus/spec/ruby_rabbitmq_janus/janus/responses/admin_handles_spec.rb": [
        null,
        null,
        1,
        null,
        1,
        null,
        3,
        null,
        1,
        1,
        2,
        null,
        3,
        null,
        null,
        1,
        2,
        null,
        2,
        null,
        null,
        null
      ],
      "/ruby_rabbitmq_janus/spec/ruby_rabbitmq_janus/janus/responses/admin_info_spec.rb": [
        null,
        null,
        1,
        null,
        1,
        null,
        3,
        null,
        1,
        1,
        2,
        null,
        3,
        null,
        null,
        1,
        2,
        null,
        2,
        null,
        null,
        null
      ],
      "/ruby_rabbitmq_janus/spec/ruby_rabbitmq_janus/janus/responses/admin_level_spec.rb": [
        null,
        null,
        1,
        null,
        1,
        null,
        3,
        null,
        1,
        1,
        2,
        null,
        3,
        null,
        null,
        1,
        2,
        null,
        2,
        null,
        null,
        null
      ],
      "/ruby_rabbitmq_janus/spec/ruby_rabbitmq_janus/janus/responses/admin_libnice_debug_spec.rb": [
        null,
        null,
        1,
        null,
        1,
        null,
        3,
        null,
        1,
        1,
        2,
        null,
        3,
        null,
        null,
        1,
        2,
        null,
        2,
        null,
        null,
        null
      ],
      "/ruby_rabbitmq_janus/spec/ruby_rabbitmq_janus/janus/responses/admin_locking_debug_spec.rb": [
        null,
        null,
        1,
        null,
        1,
        null,
        3,
        null,
        1,
        1,
        2,
        null,
        3,
        null,
        null,
        1,
        2,
        null,
        2,
        null,
        null,
        null
      ],
      "/ruby_rabbitmq_janus/spec/ruby_rabbitmq_janus/janus/responses/admin_log_colors_spec.rb": [
        null,
        null,
        1,
        null,
        1,
        null,
        3,
        null,
        1,
        1,
        2,
        null,
        3,
        null,
        null,
        1,
        2,
        null,
        2,
        null,
        null,
        null
      ],
      "/ruby_rabbitmq_janus/spec/ruby_rabbitmq_janus/janus/responses/admin_log_timestamps_spec.rb": [
        null,
        null,
        1,
        null,
        1,
        null,
        3,
        null,
        1,
        1,
        2,
        null,
        3,
        null,
        null,
        1,
        2,
        null,
        2,
        null,
        null,
        null
      ],
      "/ruby_rabbitmq_janus/spec/ruby_rabbitmq_janus/janus/responses/admin_max_nack_queue_spec.rb": [
        null,
        null,
        1,
        null,
        1,
        null,
        3,
        null,
        1,
        1,
        2,
        null,
        3,
        null,
        null,
        1,
        2,
        null,
        2,
        null,
        null,
        null
      ],
      "/ruby_rabbitmq_janus/spec/ruby_rabbitmq_janus/janus/responses/admin_no_media_timer_spec.rb": [
        null,
        null,
        1,
        null,
        1,
        null,
        3,
        null,
        1,
        1,
        2,
        null,
        3,
        null,
        null,
        1,
        2,
        null,
        2,
        null,
        null,
        null
      ],
      "/ruby_rabbitmq_janus/spec/ruby_rabbitmq_janus/janus/responses/admin_sessions_spec.rb": [
        null,
        null,
        1,
        null,
        1,
        null,
        3,
        null,
        1,
        1,
        2,
        null,
        3,
        null,
        null,
        1,
        2,
        null,
        2,
        null,
        null,
        null
      ],
      "/ruby_rabbitmq_janus/spec/ruby_rabbitmq_janus/janus/responses/admin_spec.rb": [
        null,
        null,
        1,
        null,
        1,
        null,
        1,
        null
      ],
      "/ruby_rabbitmq_janus/spec/ruby_rabbitmq_janus/janus/responses/admin_timeout_spec.rb": [
        null,
        null,
        1,
        null,
        1,
        null,
        3,
        null,
        1,
        1,
        2,
        null,
        3,
        null,
        null,
        1,
        2,
        null,
        2,
        null,
        null,
        null
      ],
      "/ruby_rabbitmq_janus/spec/ruby_rabbitmq_janus/janus/responses/event_data_spec.rb": [
        null,
        null,
        1,
        null,
        1,
        null,
        3,
        null,
        1,
        1,
        2,
        null,
        3,
        null,
        null,
        1,
        2,
        null,
        2,
        null,
        null,
[...]
        1,
        2,
        2,
        2,
        null,
        1,
        null,
        null,
        1,
        3,
        null,
        1,
        null,
        null,
        1,
        3,
        null,
        1,
        null,
        null,
        1,
        2,
        2,
        2,
        null,
        1,
        null,
        null,
        null
      ],
      "/ruby_rabbitmq_janus/spec/ruby_rabbitmq_janus/rrj_admin_start_pcap_spec.rb": [
        null,
        null,
        1,
        null,
        1,
        null,
        null,
        4,
        null,
        4,
        4,
        2,
        1,
        null,
        3,
        null,
        null,
        null,
        null,
        null,
        1,
        1,
        2,
        2,
        null,
        1,
        null,
        null,
        1,
        3,
        null,
        2,
        2,
        null,
        1,
        null,
        null,
        null
      ],
      "/ruby_rabbitmq_janus/spec/ruby_rabbitmq_janus/rrj_admin_start_text2pcap_spec.rb": [
        null,
        null,
        1,
        null,
        1,
        null,
        null,
        4,
        null,
        4,
        4,
        2,
        1,
        null,
        3,
        null,
        null,
        null,
        null,
        null,
        1,
        1,
        2,
        2,
        null,
        1,
        null,
        null,
        1,
        3,
        null,
        2,
        2,
        null,
        1,
        null,
        null,
        null
      ],
      "/ruby_rabbitmq_janus/spec/ruby_rabbitmq_janus/rrj_admin_stop_pcap_spec.rb": [
        null,
        null,
        1,
        null,
        1,
        null,
        null,
        5,
        null,
        5,
        5,
        2,
        5,
        null,
        1,
        1,
        2,
        2,
        null,
        1,
        null,
        null,
        1,
        4,
        null,
        1,
        2,
        2,
        null,
        1,
        null,
        null,
        1,
        3,
        null,
        2,
        2,
        null,
        1,
        null,
        null,
        null,
        null
      ],
      "/ruby_rabbitmq_janus/spec/ruby_rabbitmq_janus/rrj_admin_stop_text2pcap_spec.rb": [
        null,
        null,
        1,
        null,
        1,
        null,
        null,
        5,
        null,
        5,
        5,
        2,
        5,
        null,
        1,
        1,
        2,
        2,
        null,
        1,
        null,
        null,
        1,
        4,
        null,
        1,
        2,
        2,
        null,
        1,
        null,
        null,
        1,
        3,
        null,
        2,
        2,
        null,
        1,
        null,
        null,
        null,
        null
      ],
      "/ruby_rabbitmq_janus/spec/ruby_rabbitmq_janus/rrj_answer_spec.rb": [
        null,
        null,
        1,
        null,
        1,
        null,
        null,
        1,
        6,
        6,
        null,
        null,
        7,
        7,
        null,
        1,
        4,
        null,
        4,
        null,
        null,
        1,
        4,
        4,
        4,
        null,
        null,
        1,
        4,
        4,
        4,
        null,
        null,
        1,
        1,
        1,
        2,
        null,
        1,
        null,
        1,
        null,
        null,
        1,
        1,
        null,
        1,
        null,
        null,
        1,
        1,
        null,
        1,
        null,
        null,
        null,
        1,
        1,
        1,
        null,
        1,
        null,
        1,
        null,
        null,
        1,
        1,
        null,
        1,
        null,
        null,
        1,
        1,
        null,
        1,
        null,
        null,
        null,
        null
      ],
      "/ruby_rabbitmq_janus/spec/ruby_rabbitmq_janus/rrj_attach_spec.rb": [
        null,
        null,
        1,
        null,
        1,
        null,
        null,
        5,
        null,
        5,
        5,
        5,
        null,
        1,
        4,
        null,
        null,
        1,
        4,
        4,
        null,
        null,
        1,
        1,
        1,
        2,
        null,
        1,
        null,
        1,
        null,
        null,
        1,
        1,
        null,
        1,
        null,
        null,
        null,
        1,
        1,
        1,
        null,
        1,
        null,
        1,
        null,
        null,
        1,
        1,
        null,
        1,
        null,
        null,
        null,
        null
      ],
      "/ruby_rabbitmq_janus/spec/ruby_rabbitmq_janus/rrj_create_spec.rb": [
        null,
        null,
        1,
        null,
        1,
        null,
        null,
        3,
        null,
        3,
        3,
        3,
        null,
        1,
        1,
        2,
        null,
        1,
        null,
        null,
        1,
        1,
        null,
        null,
        null
      ],
      "/ruby_rabbitmq_janus/spec/ruby_rabbitmq_janus/rrj_destroy_spec.rb": [
        null,
        null,
        1,
        null,
        1,
        null,
        null,
        5,
        null,
        5,
        5,
        5,
        null,
        1,
        4,
        null,
        null,
        1,
        4,
        4,
        null,
        null,
        1,
        1,
        1,
        2,
        null,
        1,
        null,
        1,
        null,
        null,
        1,
        1,
        null,
        1,
        null,
        null,
        null,
        1,
        1,
        1,
        null,
        1,
        null,
        1,
        null,
        null,
        1,
        1,
        null,
        1,
        null,
        null,
        null,
        null
      ],
      "/ruby_rabbitmq_janus/spec/ruby_rabbitmq_janus/rrj_detach_spec.rb": [
        null,
        null,
        1,
        null,
        1,
        null,
        null,
        5,
        null,
        5,
        5,
        5,
        null,
        1,
        4,
        null,
        null,
        1,
        4,
        4,
        null,
        null,
        1,
        1,
        1,
        2,
        null,
        1,
        null,
        1,
        null,
        null,
        1,
        1,
        null,
        1,
        null,
        null,
        null,
        1,
        1,
        1,
        null,
        1,
        null,
        1,
        null,
        null,
        1,
        1,
        null,
        1,
        null,
        null,
        null,
        null
      ],
      "/ruby_rabbitmq_janus/spec/ruby_rabbitmq_janus/rrj_info_spec.rb": [
        null,
        null,
        1,
        null,
        1,
        null,
        null,
        3,
        null,
        3,
        3,
        3,
        null,
        1,
        0,
        0,
        null,
        null,
        1,
        1,
        1,
        2,
        null,
        1,
        null,
        null,
        null,
        1,
        1,
        1,
        null,
        1,
        null,
        null,
        null,
        null
      ],
      "/ruby_rabbitmq_janus/spec/ruby_rabbitmq_janus/rrj_keepalive_spec.rb": [
        null,
        null,
        1,
        null,
        1,
        null,
        null,
        5,
        null,
        5,
        5,
        5,
        null,
        1,
        4,
        null,
        null,
        1,
        4,
        4,
        null,
        null,
        1,
        1,
        1,
        2,
        null,
        1,
        null,
        1,
        null,
        null,
        1,
        1,
        null,
        1,
        null,
        null,
        null,
        1,
        1,
        1,
        null,
        1,
        null,
        1,
        null,
        null,
        1,
        1,
        null,
        1,
        null,
        null,
        null,
        null
      ],
      "/ruby_rabbitmq_janus/spec/ruby_rabbitmq_janus/rrj_offer_spec.rb": [
        null,
        null,
        1,
        null,
        1,
        null,
        null,
        1,
        4,
        4,
        null,
        null,
        5,
        5,
        null,
        1,
        4,
        null,
        null,
        1,
        4,
        4,
        4,
        null,
        null,
        1,
        1,
        1,
        2,
        null,
        1,
        null,
        1,
        null,
        null,
        1,
        1,
        null,
        1,
        null,
        null,
        null,
        1,
        1,
        1,
        null,
        1,
        null,
        null,
        1,
        1,
        null,
        1,
        null,
        null,
        null,
        null
      ],
      "/ruby_rabbitmq_janus/spec/ruby_rabbitmq_janus/rrj_trickle_spec.rb": [
        null,
        null,
        1,
        null,
        1,
        null,
        null,
        1,
        2,
        2,
        null,
        null,
        3,
        3,
        null,
        1,
        4,
        null,
        null,
        1,
        1,
        1,
        2,
        null,
        1,
        null,
        1,
        null,
        null,
        null,
        1,
        1,
        1,
        null,
        1,
        null,
        1,
        null,
        null,
        null,
        null
      ],
      "/ruby_rabbitmq_janus/spec/ruby_rabbitmq_janus/rrj_trickles_spec.rb": [
        null,
        null,
        1,
        null,
        1,
        null,
        null,
        1,
        2,
        2,
        null,
        null,
        3,
        3,
        null,
        1,
        4,
        4,
        4,
        null,
        null,
        1,
        1,
        1,
        2,
        null,
        1,
        null,
        1,
        null,
        null,
        null,
        1,
        1,
        1,
        null,
        1,
        null,
        1,
        null,
        null,
        null,
        null
      ],
      "/ruby_rabbitmq_janus/spec/ruby_rabbitmq_janus/tools/cluster_spec.rb": [
        null,
        null,
        1,
        null,
        1,
        5,
        1,
        null,
        1,
        3,
        2,
        2,
        null,
        2,
        2,
        null,
        null,
        1,
        3,
        null,
        2,
        2,
        null,
        null
      ],
      "/ruby_rabbitmq_janus/spec/ruby_rabbitmq_janus/tools/config_gem_spec.rb": [
        null,
        null,
        1,
        null,
        1,
        null,
        29,
        null,
        1,
        1,
        3,
        null,
        1,
        null,
        null,
        1,
        3,
        null,
        1,
        null,
        null,
        1,
        3,
        null,
        1,
        null,
        null,
        1,
        3,
        null,
        1,
        null,
        null,
        1,
        3,
        null,
        1,
        null,
        null,
        1,
        3,
        null,
        1,
        null,
        null,
        1,
        3,
        null,
        1,
        null,
        null,
        1,
        3,
        null,
        1,
        null,
        null,
        1,
        3,
        null,
        1,
        null,
        null,
        1,
        3,
        null,
        1,
        null,
        null,
        1,
        3,
        null,
        1,
        null,
        null,
        1,
        3,
        null,
        1,
        null,
        null,
        1,
        3,
        null,
        1,
        null,
        null,
        1,
        3,
        null,
        1,
        null,
        null,
        null
      ],
      "/ruby_rabbitmq_janus/spec/ruby_rabbitmq_janus/tools/config_janus_spec.rb": [
        null,
        null,
        1,
        null,
        1,
        null,
        11,
        null,
        1,
        1,
        3,
        null,
        1,
        null,
        null,
        1,
        3,
        null,
        1,
        null,
        null,
        1,
        7,
        null,
        1,
        3,
        null,
        1,
        null,
        null,
        1,
        3,
        null,
        1,
        null,
        null,
        1,
        3,
        null,
        1,
        null,
        null,
        null,
        null
      ],
      "/ruby_rabbitmq_janus/spec/ruby_rabbitmq_janus/tools/config_queues_spec.rb": [
        null,
        null,
        1,
        null,
        1,
        null,
        9,
        null,
        1,
        1,
        3,
        null,
        1,
        null,
        null,
        1,
        3,
        null,
        1,
        null,
        null,
        1,
        3,
        null,
        1,
        null,
        null,
        1,
        3,
        null,
        1,
        null,
        null,
        null
      ],
      "/ruby_rabbitmq_janus/spec/ruby_rabbitmq_janus/tools/config_rabbit_spec.rb": [
        null,
        null,
        1,
        null,
        1,
        null,
        7,
        null,
        1,
        1,
        3,
        null,
        1,
        null,
        null,
        1,
        3,
        null,
        1,
        null,
        null,
        1,
        3,
        null,
        1,
        null,
        null,
        null
      ],
      "/ruby_rabbitmq_janus/spec/ruby_rabbitmq_janus/tools/config_spec.rb": [
        null,
        null,
        1,
        null,
        1,
        null,
        2,
        null,
        1,
        1,
        null,
        null
      ],
      "/ruby_rabbitmq_janus/spec/ruby_rabbitmq_janus/tools/replaces/admin_spec.rb": [
        null,
        null,
        1,
        null,
        1,
        null,
        1,
        null,
        21,
        null,
        21,
        null,
        null,
        1,
        25,
        25,
        25,
        25,
        25,
        1,
        24,
        419,
        24,
        null,
        25,
        1,
        null,
        24,
        null,
        null,
        null,
        null,
        null,
        null,
        null,
        null,
        null,
        null,
        1,
        1,
        1,
        null,
        null,
        null,
        1,
        1,
        null,
        null,
        1,
        1,
        null,
        null,
        1,
        1,
        null,
        null,
        1,
        1,
        null,
        null,
        1,
        1,
        null,
        null,
        1,
        1,
        null,
        null,
        1,
        3,
        null,
        1,
        null,
        null,
        1,
        1,
        null,
        null,
        1,
        1,
        null,
        null,
        1,
        1,
        null,
        null,
        null
      ],
      "/ruby_rabbitmq_janus/spec/ruby_rabbitmq_janus/tools/replaces/handle_spec.rb": [
        null,
        null,
        1,
        null,
        1,
        null,
        1,
        null,
        19,
        null,
        19,
        null,
        null,
        1,
        24,
        24,
        24,
        1,
        23,
        464,
        23,
        null,
        24,
        1,
        null,
        23,
        null,
        null,
        null,
        null,
        null,
        null,
        null,
        null,
        1,
        1,
        1,
        null,
        null,
        null,
        1,
        1,
        null,
        null,
        1,
        1,
        null,
        null,
        1,
        1,
        null,
        null,
        1,
        1,
        null,
        null,
        1,
        1,
        null,
        null,
        1,
        1,
        null,
        null,
        1,
        3,
        null,
        1,
        null,
        null,
        1,
        1,
        null,
        null,
        1,
        1,
        null,
        null,
        null
      ],
      "/ruby_rabbitmq_janus/spec/ruby_rabbitmq_janus/tools/replaces/replace_spec.rb": [
        null,
        null,
        1,
        null,
        1,
        null,
        1,
        null,
        25,
        null,
        25,
        null,
        null,
        1,
        38,
        null,
        1,
        2,
        null,
        null,
        1,
        1,
        null,
        null,
        1,
        1,
        null,
        null,
        1,
        1,
        null,
        null,
        1,
        1,
        null,
        null,
        1,
        1,
        null,
        null,
        1,
        1,
        null,
        null,
        1,
        1,
        null,
        null,
        1,
        1,
        null,
        null,
        1,
        1,
        null,
        null,
        1,
        1,
        null,
        null,
        1,
        1,
        null,
        null,
        1,
        1,
        null,
        null,
        null
      ],
      "/ruby_rabbitmq_janus/spec/ruby_rabbitmq_janus/tools/replaces/session_spec.rb": [
        null,
        null,
        1,
        null,
        1,
        null,
        1,
        null,
        19,
        null,
        19,
        null,
        null,
        1,
        27,
        27,
        1,
        null,
        26,
        null,
        null,
        null,
        null,
        null,
        1,
        2,
        null,
        null,
        1,
        1,
        null,
        null,
        1,
        1,
        null,
        null,
        1,
        1,
        null,
        null,
        1,
        1,
        null,
        null,
        1,
        1,
        null,
        null,
        1,
        1,
        null,
        null,
        1,
        3,
        null,
        1,
        null,
        null,
        1,
        1,
        null,
        null,
        1,
        1,
        null,
        null,
        null
      ],
      "/ruby_rabbitmq_janus/spec/ruby_rabbitmq_janus/tools/type_spec.rb": [
        null,
        null,
        1,
        null,
        1,
        null,
        1,
        null,
        39,
        null,
        39,
        null,
        null,
        1,
        4,
        2,
        null,
        1,
        null,
        null,
        1,
        3,
        3,
        null,
        1,
        null,
        null,
        1,
        3,
        3,
        null,
        1,
        null,
        null,
        1,
        3,
        3,
        null,
        1,
        null,
        null,
        1,
        3,
        3,
        null,
        1,
        null,
        null,
        1,
        3,
        3,
        null,
        1,
        null,
        null,
        1,
        3,
        3,
        2,
        null,
        1,
        null,
        null,
        1,
        3,
        3,
        2,
        null,
        1,
        null,
        null,
        1,
        3,
        3,
        null,
        1,
        null,
        null,
        1,
        3,
        3,
        null,
        1,
        null,
        null,
        1,
        3,
        3,
        null,
        1,
        null,
        null,
        1,
        3,
        3,
        2,
        null,
        1,
        null,
        null,
        1,
        2,
        3,
        1,
        null,
        3,
        null,
        null,
        null,
        2,
        null,
        1,
        null,
        null,
        1,
        4,
        3,
        1,
        3,
        3,
        84,
        3,
        null,
        2,
        null,
        1,
        null,
        null,
        1,
        5,
        5,
        4,
        4,
        null,
        1,
        null,
        null,
        1,
        3,
        3,
        null,
        1,
        null,
        null,
        1,
        3,
        3,
        null,
        1,
        null,
        null,
        1,
        5,
        null,
        1,
        4,
        2,
        null,
        1,
        null,
        null,
        1,
        4,
        2,
        null,
        1,
        null,
        null,
        null
      ],
      "/ruby_rabbitmq_janus/spec/factories/janus_instance.rb": [
        null,
        null,
        1,
        1,
        8,
        null,
        null
      ]
    },
    "timestamp": 1576757386
  }
}
